<?xml version="1.0" encoding="UTF-8"?>
<coverage generated="1683764180037" clover="3.2.0">
  <project timestamp="1683764180037" name="All files">
    <metrics statements="502" coveredstatements="448" conditionals="67" coveredconditionals="41" methods="138" coveredmethods="126" elements="707" coveredelements="615" complexity="0" loc="502" ncloc="502" packages="12" files="41" classes="41"/>
    <package name="application.controllers">
      <metrics statements="82" coveredstatements="81" conditionals="9" coveredconditionals="0" methods="14" coveredmethods="14"/>
      <file name="AuthenticationController.ts" path="/home/faust/work/Dishcover/@app/server/src/application/controllers/AuthenticationController.ts">
        <metrics statements="21" coveredstatements="20" conditionals="2" coveredconditionals="0" methods="3" coveredmethods="3"/>
        <line num="1" count="3" type="stmt"/>
        <line num="6" count="3" type="stmt"/>
        <line num="10" count="3" type="stmt"/>
        <line num="11" count="3" type="stmt"/>
        <line num="13" count="3" type="stmt"/>
        <line num="15" count="2" type="stmt"/>
        <line num="16" count="2" type="stmt"/>
        <line num="17" count="2" type="stmt"/>
        <line num="21" count="1" type="stmt"/>
        <line num="22" count="1" type="cond" truecount="0" falsecount="1"/>
        <line num="23" count="1" type="stmt"/>
        <line num="24" count="1" type="stmt"/>
        <line num="25" count="1" type="stmt"/>
        <line num="29" count="1" type="stmt"/>
        <line num="33" count="1" type="stmt"/>
        <line num="34" count="1" type="cond" truecount="0" falsecount="1"/>
        <line num="35" count="0" type="stmt"/>
        <line num="37" count="1" type="stmt"/>
        <line num="38" count="1" type="stmt"/>
        <line num="40" count="1" type="stmt"/>
        <line num="44" count="1" type="stmt"/>
      </file>
      <file name="IngredientController.ts" path="/home/faust/work/Dishcover/@app/server/src/application/controllers/IngredientController.ts">
        <metrics statements="27" coveredstatements="27" conditionals="3" coveredconditionals="0" methods="5" coveredmethods="5"/>
        <line num="1" count="3" type="stmt"/>
        <line num="7" count="3" type="stmt"/>
        <line num="8" count="3" type="stmt"/>
        <line num="10" count="3" type="stmt"/>
        <line num="11" count="3" type="stmt"/>
        <line num="12" count="3" type="stmt"/>
        <line num="13" count="3" type="stmt"/>
        <line num="15" count="3" type="stmt"/>
        <line num="16" count="1" type="stmt"/>
        <line num="19" count="1" type="stmt"/>
        <line num="20" count="1" type="stmt"/>
        <line num="22" count="1" type="stmt"/>
        <line num="26" count="1" type="stmt"/>
        <line num="27" count="1" type="cond" truecount="0" falsecount="1"/>
        <line num="28" count="1" type="stmt"/>
        <line num="29" count="1" type="stmt"/>
        <line num="30" count="1" type="stmt"/>
        <line num="34" count="1" type="stmt"/>
        <line num="35" count="1" type="cond" truecount="0" falsecount="1"/>
        <line num="36" count="1" type="stmt"/>
        <line num="37" count="1" type="stmt"/>
        <line num="38" count="1" type="stmt"/>
        <line num="42" count="1" type="stmt"/>
        <line num="43" count="1" type="cond" truecount="0" falsecount="1"/>
        <line num="44" count="1" type="stmt"/>
        <line num="45" count="1" type="stmt"/>
        <line num="47" count="1" type="stmt"/>
      </file>
      <file name="RecipeController.ts" path="/home/faust/work/Dishcover/@app/server/src/application/controllers/RecipeController.ts">
        <metrics statements="34" coveredstatements="34" conditionals="4" coveredconditionals="0" methods="6" coveredmethods="6"/>
        <line num="1" count="3" type="stmt"/>
        <line num="2" count="3" type="stmt"/>
        <line num="3" count="3" type="stmt"/>
        <line num="4" count="3" type="stmt"/>
        <line num="7" count="3" type="stmt"/>
        <line num="9" count="3" type="stmt"/>
        <line num="10" count="3" type="stmt"/>
        <line num="11" count="3" type="stmt"/>
        <line num="12" count="3" type="stmt"/>
        <line num="13" count="3" type="stmt"/>
        <line num="15" count="3" type="stmt"/>
        <line num="16" count="1" type="stmt"/>
        <line num="19" count="1" type="stmt"/>
        <line num="20" count="1" type="cond" truecount="0" falsecount="1"/>
        <line num="21" count="1" type="stmt"/>
        <line num="22" count="1" type="stmt"/>
        <line num="23" count="1" type="stmt"/>
        <line num="27" count="1" type="stmt"/>
        <line num="28" count="1" type="stmt"/>
        <line num="29" count="1" type="stmt"/>
        <line num="33" count="1" type="stmt"/>
        <line num="34" count="1" type="cond" truecount="0" falsecount="1"/>
        <line num="35" count="1" type="stmt"/>
        <line num="36" count="1" type="stmt"/>
        <line num="37" count="1" type="stmt"/>
        <line num="41" count="1" type="stmt"/>
        <line num="42" count="1" type="cond" truecount="0" falsecount="1"/>
        <line num="43" count="1" type="stmt"/>
        <line num="44" count="1" type="stmt"/>
        <line num="48" count="1" type="stmt"/>
        <line num="49" count="1" type="cond" truecount="0" falsecount="1"/>
        <line num="50" count="1" type="stmt"/>
        <line num="51" count="1" type="stmt"/>
        <line num="52" count="1" type="stmt"/>
      </file>
    </package>
    <package name="application.errors">
      <metrics statements="17" coveredstatements="17" conditionals="0" coveredconditionals="0" methods="4" coveredmethods="4"/>
      <file name="UniqueConstraintError.ts" path="/home/faust/work/Dishcover/@app/server/src/application/errors/UniqueConstraintError.ts">
        <metrics statements="6" coveredstatements="6" conditionals="0" coveredconditionals="0" methods="1" coveredmethods="1"/>
        <line num="5" count="8" type="stmt"/>
        <line num="6" count="6" type="stmt"/>
        <line num="10" count="6" type="stmt"/>
        <line num="11" count="6" type="stmt"/>
        <line num="12" count="6" type="stmt"/>
        <line num="18" count="6" type="stmt"/>
      </file>
      <file name="ValidationError.ts" path="/home/faust/work/Dishcover/@app/server/src/application/errors/ValidationError.ts">
        <metrics statements="6" coveredstatements="6" conditionals="0" coveredconditionals="0" methods="2" coveredmethods="2"/>
        <line num="5" count="9" type="stmt"/>
        <line num="6" count="1" type="stmt"/>
        <line num="10" count="1" type="stmt"/>
        <line num="11" count="1" type="stmt"/>
        <line num="13" count="2" type="stmt"/>
        <line num="17" count="1" type="stmt"/>
      </file>
      <file name="WrongEmailPasswordComboError.ts" path="/home/faust/work/Dishcover/@app/server/src/application/errors/WrongEmailPasswordComboError.ts">
        <metrics statements="5" coveredstatements="5" conditionals="0" coveredconditionals="0" methods="1" coveredmethods="1"/>
        <line num="4" count="5" type="stmt"/>
        <line num="9" count="3" type="stmt"/>
        <line num="12" count="3" type="stmt"/>
        <line num="13" count="3" type="stmt"/>
        <line num="19" count="3" type="stmt"/>
      </file>
    </package>
    <package name="application.repositories">
      <metrics statements="59" coveredstatements="54" conditionals="11" coveredconditionals="11" methods="17" coveredmethods="17"/>
      <file name="IngredientRepository.ts" path="/home/faust/work/Dishcover/@app/server/src/application/repositories/IngredientRepository.ts">
        <metrics statements="22" coveredstatements="20" conditionals="4" coveredconditionals="4" methods="6" coveredmethods="6"/>
        <line num="1" count="4" type="stmt"/>
        <line num="3" count="4" type="stmt"/>
        <line num="5" count="4" type="stmt"/>
        <line num="7" count="4" type="stmt"/>
        <line num="8" count="2" type="stmt"/>
        <line num="11" count="1" type="stmt"/>
        <line num="12" count="1" type="stmt"/>
        <line num="16" count="1" type="stmt"/>
        <line num="24" count="2" type="stmt"/>
        <line num="25" count="2" type="stmt"/>
        <line num="28" count="1" type="stmt"/>
        <line num="30" count="1" type="cond" truecount="1" falsecount="0"/>
        <line num="31" count="1" type="cond" truecount="1" falsecount="0"/>
        <line num="32" count="1" type="stmt"/>
        <line num="35" count="0" type="stmt"/>
        <line num="40" count="2" type="stmt"/>
        <line num="41" count="2" type="stmt"/>
        <line num="45" count="1" type="stmt"/>
        <line num="47" count="1" type="cond" truecount="1" falsecount="0"/>
        <line num="48" count="1" type="cond" truecount="1" falsecount="0"/>
        <line num="49" count="1" type="stmt"/>
        <line num="52" count="0" type="stmt"/>
      </file>
      <file name="RecipeRepository.ts" path="/home/faust/work/Dishcover/@app/server/src/application/repositories/RecipeRepository.ts">
        <metrics statements="24" coveredstatements="22" conditionals="4" coveredconditionals="4" methods="8" coveredmethods="8"/>
        <line num="1" count="4" type="stmt"/>
        <line num="3" count="4" type="stmt"/>
        <line num="5" count="4" type="stmt"/>
        <line num="7" count="4" type="stmt"/>
        <line num="8" count="2" type="stmt"/>
        <line num="10" count="1" type="stmt"/>
        <line num="21" count="1" type="stmt"/>
        <line num="25" count="1" type="stmt"/>
        <line num="38" count="1" type="stmt"/>
        <line num="42" count="2" type="stmt"/>
        <line num="43" count="2" type="stmt"/>
        <line num="54" count="1" type="stmt"/>
        <line num="56" count="1" type="cond" truecount="1" falsecount="0"/>
        <line num="57" count="1" type="cond" truecount="1" falsecount="0"/>
        <line num="58" count="1" type="stmt"/>
        <line num="61" count="0" type="stmt"/>
        <line num="66" count="1" type="stmt"/>
        <line num="74" count="2" type="stmt"/>
        <line num="75" count="2" type="stmt"/>
        <line num="89" count="1" type="stmt"/>
        <line num="91" count="1" type="cond" truecount="1" falsecount="0"/>
        <line num="92" count="1" type="cond" truecount="1" falsecount="0"/>
        <line num="93" count="1" type="stmt"/>
        <line num="96" count="0" type="stmt"/>
      </file>
      <file name="UserRepository.ts" path="/home/faust/work/Dishcover/@app/server/src/application/repositories/UserRepository.ts">
        <metrics statements="13" coveredstatements="12" conditionals="3" coveredconditionals="3" methods="3" coveredmethods="3"/>
        <line num="1" count="4" type="stmt"/>
        <line num="3" count="4" type="stmt"/>
        <line num="5" count="4" type="stmt"/>
        <line num="7" count="4" type="stmt"/>
        <line num="8" count="4" type="stmt"/>
        <line num="11" count="2" type="stmt"/>
        <line num="16" count="2" type="cond" truecount="2" falsecount="0"/>
        <line num="20" count="2" type="stmt"/>
        <line num="21" count="2" type="stmt"/>
        <line num="22" count="1" type="stmt"/>
        <line num="24" count="1" type="cond" truecount="1" falsecount="0"/>
        <line num="25" count="1" type="stmt"/>
        <line num="27" count="0" type="stmt"/>
      </file>
    </package>
    <package name="application.services">
      <metrics statements="5" coveredstatements="5" conditionals="0" coveredconditionals="0" methods="2" coveredmethods="2"/>
      <file name="JwtService.ts" path="/home/faust/work/Dishcover/@app/server/src/application/services/JwtService.ts">
        <metrics statements="5" coveredstatements="5" conditionals="0" coveredconditionals="0" methods="2" coveredmethods="2"/>
        <line num="1" count="5" type="stmt"/>
        <line num="3" count="5" type="stmt"/>
        <line num="5" count="5" type="stmt"/>
        <line num="7" count="4" type="stmt"/>
        <line num="10" count="2" type="stmt"/>
      </file>
    </package>
    <package name="application.strategies">
      <metrics statements="22" coveredstatements="22" conditionals="3" coveredconditionals="3" methods="4" coveredmethods="4"/>
      <file name="EmailAuthenticationStrategy.ts" path="/home/faust/work/Dishcover/@app/server/src/application/strategies/EmailAuthenticationStrategy.ts">
        <metrics statements="11" coveredstatements="11" conditionals="3" coveredconditionals="3" methods="2" coveredmethods="2"/>
        <line num="1" count="4" type="stmt"/>
        <line num="5" count="4" type="stmt"/>
        <line num="8" count="4" type="stmt"/>
        <line num="9" count="3" type="stmt"/>
        <line num="11" count="3" type="stmt"/>
        <line num="12" count="3" type="cond" truecount="1" falsecount="0"/>
        <line num="13" count="1" type="stmt"/>
        <line num="16" count="2" type="stmt"/>
        <line num="17" count="2" type="cond" truecount="2" falsecount="0"/>
        <line num="18" count="1" type="stmt"/>
        <line num="20" count="1" type="stmt"/>
      </file>
      <file name="EmailRegistrationStrategy.ts" path="/home/faust/work/Dishcover/@app/server/src/application/strategies/EmailRegistrationStrategy.ts">
        <metrics statements="11" coveredstatements="11" conditionals="0" coveredconditionals="0" methods="2" coveredmethods="2"/>
        <line num="1" count="4" type="stmt"/>
        <line num="3" count="4" type="stmt"/>
        <line num="5" count="4" type="stmt"/>
        <line num="8" count="4" type="stmt"/>
        <line num="9" count="3" type="stmt"/>
        <line num="12" count="1" type="stmt"/>
        <line num="13" count="1" type="stmt"/>
        <line num="14" count="1" type="stmt"/>
        <line num="16" count="1" type="stmt"/>
        <line num="17" count="1" type="stmt"/>
        <line num="18" count="1" type="stmt"/>
      </file>
    </package>
    <package name="application.useCases">
      <metrics statements="47" coveredstatements="47" conditionals="0" coveredconditionals="0" methods="25" coveredmethods="25"/>
      <file name="AuthenticateUser.ts" path="/home/faust/work/Dishcover/@app/server/src/application/useCases/AuthenticateUser.ts">
        <metrics statements="4" coveredstatements="4" conditionals="0" coveredconditionals="0" methods="2" coveredmethods="2"/>
        <line num="7" count="5" type="stmt"/>
        <line num="8" count="2" type="stmt"/>
        <line num="11" count="2" type="stmt"/>
        <line num="12" count="2" type="stmt"/>
      </file>
      <file name="CreateIngredient.ts" path="/home/faust/work/Dishcover/@app/server/src/application/useCases/CreateIngredient.ts">
        <metrics statements="4" coveredstatements="4" conditionals="0" coveredconditionals="0" methods="2" coveredmethods="2"/>
        <line num="7" count="5" type="stmt"/>
        <line num="8" count="2" type="stmt"/>
        <line num="11" count="2" type="stmt"/>
        <line num="12" count="2" type="stmt"/>
      </file>
      <file name="CreateRecipe.ts" path="/home/faust/work/Dishcover/@app/server/src/application/useCases/CreateRecipe.ts">
        <metrics statements="6" coveredstatements="6" conditionals="0" coveredconditionals="0" methods="2" coveredmethods="2"/>
        <line num="3" count="5" type="stmt"/>
        <line num="8" count="5" type="stmt"/>
        <line num="9" count="2" type="stmt"/>
        <line num="12" count="2" type="stmt"/>
        <line num="13" count="2" type="stmt"/>
        <line num="14" count="2" type="stmt"/>
      </file>
      <file name="DeleteIngredient.ts" path="/home/faust/work/Dishcover/@app/server/src/application/useCases/DeleteIngredient.ts">
        <metrics statements="3" coveredstatements="3" conditionals="0" coveredconditionals="0" methods="2" coveredmethods="2"/>
        <line num="6" count="5" type="stmt"/>
        <line num="7" count="2" type="stmt"/>
        <line num="10" count="2" type="stmt"/>
      </file>
      <file name="DeleteRecipe.ts" path="/home/faust/work/Dishcover/@app/server/src/application/useCases/DeleteRecipe.ts">
        <metrics statements="3" coveredstatements="3" conditionals="0" coveredconditionals="0" methods="2" coveredmethods="2"/>
        <line num="6" count="5" type="stmt"/>
        <line num="7" count="2" type="stmt"/>
        <line num="10" count="2" type="stmt"/>
      </file>
      <file name="GetAllRecipes.ts" path="/home/faust/work/Dishcover/@app/server/src/application/useCases/GetAllRecipes.ts">
        <metrics statements="4" coveredstatements="4" conditionals="0" coveredconditionals="0" methods="3" coveredmethods="3"/>
        <line num="8" count="5" type="stmt"/>
        <line num="9" count="2" type="stmt"/>
        <line num="12" count="2" type="stmt"/>
        <line num="13" count="3" type="stmt"/>
      </file>
      <file name="GetIngredients.ts" path="/home/faust/work/Dishcover/@app/server/src/application/useCases/GetIngredients.ts">
        <metrics statements="4" coveredstatements="4" conditionals="0" coveredconditionals="0" methods="3" coveredmethods="3"/>
        <line num="5" count="6" type="stmt"/>
        <line num="6" count="3" type="stmt"/>
        <line num="9" count="3" type="stmt"/>
        <line num="10" count="5" type="stmt"/>
      </file>
      <file name="GetPersonalRecipes.ts" path="/home/faust/work/Dishcover/@app/server/src/application/useCases/GetPersonalRecipes.ts">
        <metrics statements="5" coveredstatements="5" conditionals="0" coveredconditionals="0" methods="3" coveredmethods="3"/>
        <line num="8" count="4" type="stmt"/>
        <line num="9" count="1" type="stmt"/>
        <line num="12" count="1" type="stmt"/>
        <line num="13" count="1" type="stmt"/>
        <line num="14" count="1" type="stmt"/>
      </file>
      <file name="RegisterUser.ts" path="/home/faust/work/Dishcover/@app/server/src/application/useCases/RegisterUser.ts">
        <metrics statements="4" coveredstatements="4" conditionals="0" coveredconditionals="0" methods="2" coveredmethods="2"/>
        <line num="7" count="5" type="stmt"/>
        <line num="8" count="2" type="stmt"/>
        <line num="11" count="2" type="stmt"/>
        <line num="12" count="2" type="stmt"/>
      </file>
      <file name="UpdateIngredient.ts" path="/home/faust/work/Dishcover/@app/server/src/application/useCases/UpdateIngredient.ts">
        <metrics statements="4" coveredstatements="4" conditionals="0" coveredconditionals="0" methods="2" coveredmethods="2"/>
        <line num="7" count="6" type="stmt"/>
        <line num="8" count="3" type="stmt"/>
        <line num="11" count="3" type="stmt"/>
        <line num="12" count="3" type="stmt"/>
      </file>
      <file name="UpdateRecipe.ts" path="/home/faust/work/Dishcover/@app/server/src/application/useCases/UpdateRecipe.ts">
        <metrics statements="6" coveredstatements="6" conditionals="0" coveredconditionals="0" methods="2" coveredmethods="2"/>
        <line num="3" count="4" type="stmt"/>
        <line num="8" count="4" type="stmt"/>
        <line num="9" count="1" type="stmt"/>
        <line num="12" count="1" type="stmt"/>
        <line num="13" count="1" type="stmt"/>
        <line num="14" count="1" type="stmt"/>
      </file>
    </package>
    <package name="domain.models">
      <metrics statements="77" coveredstatements="73" conditionals="10" coveredconditionals="7" methods="38" coveredmethods="34"/>
      <file name="Ingredient.ts" path="/home/faust/work/Dishcover/@app/server/src/domain/models/Ingredient.ts">
        <metrics statements="17" coveredstatements="16" conditionals="10" coveredconditionals="7" methods="8" coveredmethods="7"/>
        <line num="4" count="19" type="stmt"/>
        <line num="5" count="19" type="stmt"/>
        <line num="6" count="19" type="stmt"/>
        <line num="19" count="41" type="cond" truecount="1" falsecount="1"/>
        <line num="22" count="19" type="stmt"/>
        <line num="31" count="41" type="stmt"/>
        <line num="32" count="41" type="stmt"/>
        <line num="33" count="41" type="stmt"/>
        <line num="34" count="41" type="stmt"/>
        <line num="35" count="41" type="stmt"/>
        <line num="36" count="41" type="cond" truecount="1" falsecount="1"/>
        <line num="40" count="22" type="stmt"/>
        <line num="52" count="5" type="stmt"/>
        <line num="61" count="33" type="stmt"/>
        <line num="71" count="3" type="stmt"/>
        <line num="83" count="2" type="stmt"/>
        <line num="95" count="0" type="stmt"/>
      </file>
      <file name="Recipe.ts" path="/home/faust/work/Dishcover/@app/server/src/domain/models/Recipe.ts">
        <metrics statements="33" coveredstatements="32" conditionals="0" coveredconditionals="0" methods="18" coveredmethods="17"/>
        <line num="4" count="9" type="stmt"/>
        <line num="5" count="9" type="stmt"/>
        <line num="7" count="9" type="stmt"/>
        <line num="8" count="9" type="stmt"/>
        <line num="25" count="9" type="stmt"/>
        <line num="48" count="18" type="stmt"/>
        <line num="49" count="18" type="stmt"/>
        <line num="50" count="18" type="stmt"/>
        <line num="51" count="18" type="stmt"/>
        <line num="52" count="18" type="stmt"/>
        <line num="53" count="18" type="stmt"/>
        <line num="54" count="18" type="stmt"/>
        <line num="55" count="18" type="stmt"/>
        <line num="56" count="18" type="stmt"/>
        <line num="57" count="18" type="stmt"/>
        <line num="68" count="9" type="stmt"/>
        <line num="76" count="17" type="stmt"/>
        <line num="78" count="17" type="stmt"/>
        <line num="83" count="5" type="stmt"/>
        <line num="89" count="7" type="stmt"/>
        <line num="90" count="2" type="stmt"/>
        <line num="96" count="7" type="stmt"/>
        <line num="107" count="24" type="stmt"/>
        <line num="115" count="26" type="stmt"/>
        <line num="117" count="26" type="stmt"/>
        <line num="122" count="2" type="stmt"/>
        <line num="131" count="4" type="stmt"/>
        <line num="138" count="2" type="stmt"/>
        <line num="139" count="4" type="stmt"/>
        <line num="140" count="2" type="stmt"/>
        <line num="152" count="4" type="stmt"/>
        <line num="156" count="4" type="stmt"/>
        <line num="172" count="0" type="stmt"/>
      </file>
      <file name="RecipeIngredient.ts" path="/home/faust/work/Dishcover/@app/server/src/domain/models/RecipeIngredient.ts">
        <metrics statements="13" coveredstatements="11" conditionals="0" coveredconditionals="0" methods="6" coveredmethods="4"/>
        <line num="2" count="10" type="stmt"/>
        <line num="3" count="10" type="stmt"/>
        <line num="12" count="10" type="stmt"/>
        <line num="19" count="31" type="stmt"/>
        <line num="20" count="31" type="stmt"/>
        <line num="21" count="31" type="stmt"/>
        <line num="22" count="31" type="stmt"/>
        <line num="23" count="31" type="stmt"/>
        <line num="31" count="18" type="stmt"/>
        <line num="41" count="26" type="stmt"/>
        <line num="51" count="8" type="stmt"/>
        <line num="57" count="0" type="stmt"/>
        <line num="62" count="0" type="stmt"/>
      </file>
      <file name="User.ts" path="/home/faust/work/Dishcover/@app/server/src/domain/models/User.ts">
        <metrics statements="14" coveredstatements="14" conditionals="0" coveredconditionals="0" methods="6" coveredmethods="6"/>
        <line num="3" count="26" type="stmt"/>
        <line num="4" count="26" type="stmt"/>
        <line num="18" count="26" type="stmt"/>
        <line num="26" count="27" type="stmt"/>
        <line num="27" count="27" type="stmt"/>
        <line num="28" count="27" type="stmt"/>
        <line num="29" count="27" type="stmt"/>
        <line num="30" count="27" type="stmt"/>
        <line num="31" count="27" type="stmt"/>
        <line num="35" count="12" type="stmt"/>
        <line num="46" count="14" type="stmt"/>
        <line num="53" count="3" type="stmt"/>
        <line num="60" count="1" type="stmt"/>
        <line num="67" count="1" type="stmt"/>
      </file>
    </package>
    <package name="domain.valueObjects">
      <metrics statements="27" coveredstatements="24" conditionals="10" coveredconditionals="6" methods="9" coveredmethods="9"/>
      <file name="Email.ts" path="/home/faust/work/Dishcover/@app/server/src/domain/valueObjects/Email.ts">
        <metrics statements="8" coveredstatements="7" conditionals="1" coveredconditionals="0" methods="2" coveredmethods="2"/>
        <line num="1" count="26" type="stmt"/>
        <line num="3" count="26" type="stmt"/>
        <line num="4" count="27" type="stmt"/>
        <line num="6" count="27" type="stmt"/>
        <line num="7" count="27" type="cond" truecount="0" falsecount="1"/>
        <line num="8" count="0" type="stmt"/>
        <line num="13" count="27" type="stmt"/>
        <line num="14" count="27" type="stmt"/>
      </file>
      <file name="Id.ts" path="/home/faust/work/Dishcover/@app/server/src/domain/valueObjects/Id.ts">
        <metrics statements="10" coveredstatements="9" conditionals="3" coveredconditionals="2" methods="4" coveredmethods="4"/>
        <line num="1" count="26" type="stmt"/>
        <line num="2" count="26" type="stmt"/>
        <line num="4" count="26" type="stmt"/>
        <line num="6" count="240" type="stmt"/>
        <line num="8" count="240" type="cond" truecount="0" falsecount="1"/>
        <line num="9" count="0" type="stmt"/>
        <line num="11" count="240" type="stmt"/>
        <line num="15" count="240" type="stmt"/>
        <line num="16" count="240" type="stmt"/>
        <line num="20" count="48" type="cond" truecount="2" falsecount="0"/>
      </file>
      <file name="Uri.ts" path="/home/faust/work/Dishcover/@app/server/src/domain/valueObjects/Uri.ts">
        <metrics statements="9" coveredstatements="8" conditionals="6" coveredconditionals="4" methods="3" coveredmethods="3"/>
        <line num="1" count="19" type="stmt"/>
        <line num="3" count="19" type="stmt"/>
        <line num="5" count="48" type="stmt"/>
        <line num="7" count="48" type="cond" truecount="0" falsecount="1"/>
        <line num="8" count="0" type="stmt"/>
        <line num="10" count="48" type="stmt"/>
        <line num="14" count="48" type="stmt"/>
        <line num="15" count="48" type="stmt"/>
        <line num="19" count="19" type="cond" truecount="4" falsecount="0"/>
      </file>
    </package>
    <package name="infrastructure">
      <metrics statements="102" coveredstatements="87" conditionals="10" coveredconditionals="8" methods="14" coveredmethods="12"/>
      <file name="awilixContainer.ts" path="/home/faust/work/Dishcover/@app/server/src/infrastructure/awilixContainer.ts">
        <metrics statements="4" coveredstatements="4" conditionals="0" coveredconditionals="0" methods="0" coveredmethods="0"/>
        <line num="1" count="2" type="stmt"/>
        <line num="2" count="2" type="stmt"/>
        <line num="4" count="2" type="stmt"/>
        <line num="17" count="2" type="stmt"/>
      </file>
      <file name="configuration.ts" path="/home/faust/work/Dishcover/@app/server/src/infrastructure/configuration.ts">
        <metrics statements="4" coveredstatements="4" conditionals="4" coveredconditionals="4" methods="0" coveredmethods="0"/>
        <line num="1" count="10" type="stmt"/>
        <line num="2" count="10" type="stmt"/>
        <line num="4" count="10" type="cond" truecount="2" falsecount="0"/>
        <line num="5" count="10" type="cond" truecount="2" falsecount="0"/>
      </file>
      <file name="corsOrigin.ts" path="/home/faust/work/Dishcover/@app/server/src/infrastructure/corsOrigin.ts">
        <metrics statements="7" coveredstatements="7" conditionals="4" coveredconditionals="4" methods="1" coveredmethods="1"/>
        <line num="3" count="2" type="stmt"/>
        <line num="7" count="13" type="cond" truecount="1" falsecount="0"/>
        <line num="8" count="12" type="stmt"/>
        <line num="9" count="12" type="cond" truecount="3" falsecount="0"/>
        <line num="10" count="11" type="stmt"/>
        <line num="11" count="11" type="stmt"/>
        <line num="14" count="2" type="stmt"/>
      </file>
      <file name="expressServer.ts" path="/home/faust/work/Dishcover/@app/server/src/infrastructure/expressServer.ts">
        <metrics statements="84" coveredstatements="72" conditionals="2" coveredconditionals="0" methods="13" coveredmethods="11"/>
        <line num="1" count="1" type="stmt"/>
        <line num="2" count="1" type="stmt"/>
        <line num="3" count="1" type="stmt"/>
        <line num="4" count="1" type="stmt"/>
        <line num="10" count="1" type="stmt"/>
        <line num="11" count="1" type="stmt"/>
        <line num="12" count="1" type="stmt"/>
        <line num="13" count="1" type="stmt"/>
        <line num="14" count="1" type="stmt"/>
        <line num="15" count="1" type="stmt"/>
        <line num="19" count="1" type="stmt"/>
        <line num="21" count="10" type="stmt"/>
        <line num="25" count="10" type="stmt"/>
        <line num="26" count="10" type="stmt"/>
        <line num="29" count="10" type="stmt"/>
        <line num="32" count="10" type="stmt"/>
        <line num="33" count="10" type="stmt"/>
        <line num="35" count="10" type="stmt"/>
        <line num="37" count="10" type="stmt"/>
        <line num="38" count="10" type="stmt"/>
        <line num="39" count="10" type="stmt"/>
        <line num="41" count="10" type="stmt"/>
        <line num="42" count="1" type="stmt"/>
        <line num="43" count="1" type="stmt"/>
        <line num="44" count="1" type="stmt"/>
        <line num="45" count="1" type="stmt"/>
        <line num="47" count="0" type="stmt"/>
        <line num="51" count="10" type="stmt"/>
        <line num="52" count="1" type="stmt"/>
        <line num="53" count="1" type="stmt"/>
        <line num="54" count="1" type="stmt"/>
        <line num="55" count="1" type="stmt"/>
        <line num="57" count="0" type="stmt"/>
        <line num="61" count="10" type="stmt"/>
        <line num="62" count="1" type="stmt"/>
        <line num="63" count="1" type="stmt"/>
        <line num="64" count="1" type="stmt"/>
        <line num="65" count="1" type="stmt"/>
        <line num="66" count="1" type="stmt"/>
        <line num="68" count="0" type="stmt"/>
        <line num="72" count="10" type="stmt"/>
        <line num="73" count="1" type="stmt"/>
        <line num="74" count="1" type="stmt"/>
        <line num="75" count="1" type="stmt"/>
        <line num="76" count="1" type="stmt"/>
        <line num="78" count="0" type="stmt"/>
        <line num="82" count="10" type="stmt"/>
        <line num="83" count="1" type="stmt"/>
        <line num="84" count="1" type="stmt"/>
        <line num="85" count="1" type="stmt"/>
        <line num="87" count="0" type="stmt"/>
        <line num="91" count="10" type="stmt"/>
        <line num="92" count="1" type="stmt"/>
        <line num="93" count="1" type="stmt"/>
        <line num="96" count="1" type="stmt"/>
        <line num="97" count="1" type="stmt"/>
        <line num="99" count="0" type="stmt"/>
        <line num="103" count="10" type="stmt"/>
        <line num="104" count="1" type="stmt"/>
        <line num="105" count="1" type="stmt"/>
        <line num="106" count="1" type="stmt"/>
        <line num="107" count="1" type="stmt"/>
        <line num="109" count="0" type="stmt"/>
        <line num="113" count="10" type="stmt"/>
        <line num="114" count="1" type="stmt"/>
        <line num="115" count="1" type="stmt"/>
        <line num="116" count="1" type="stmt"/>
        <line num="117" count="1" type="stmt"/>
        <line num="119" count="0" type="stmt"/>
        <line num="123" count="10" type="stmt"/>
        <line num="124" count="1" type="stmt"/>
        <line num="125" count="1" type="stmt"/>
        <line num="126" count="1" type="stmt"/>
        <line num="127" count="1" type="stmt"/>
        <line num="129" count="0" type="stmt"/>
        <line num="133" count="10" type="stmt"/>
        <line num="134" count="1" type="stmt"/>
        <line num="135" count="1" type="stmt"/>
        <line num="136" count="1" type="stmt"/>
        <line num="137" count="1" type="stmt"/>
        <line num="139" count="0" type="stmt"/>
        <line num="143" count="10" type="stmt"/>
        <line num="146" count="0" type="cond" truecount="0" falsecount="2"/>
        <line num="147" count="0" type="stmt"/>
      </file>
      <file name="start.ts" path="/home/faust/work/Dishcover/@app/server/src/infrastructure/start.ts">
        <metrics statements="3" coveredstatements="0" conditionals="0" coveredconditionals="0" methods="0" coveredmethods="0"/>
        <line num="1" count="0" type="stmt"/>
        <line num="2" count="0" type="stmt"/>
        <line num="3" count="0" type="stmt"/>
      </file>
    </package>
    <package name="infrastructure.expressMiddlewares">
      <metrics statements="37" coveredstatements="37" conditionals="6" coveredconditionals="6" methods="5" coveredmethods="5"/>
      <file name="apiKeyVerification.ts" path="/home/faust/work/Dishcover/@app/server/src/infrastructure/expressMiddlewares/apiKeyVerification.ts">
        <metrics statements="8" coveredstatements="8" conditionals="2" coveredconditionals="2" methods="2" coveredmethods="2"/>
        <line num="3" count="2" type="stmt"/>
        <line num="5" count="2" type="stmt"/>
        <line num="6" count="13" type="stmt"/>
        <line num="7" count="13" type="cond" truecount="1" falsecount="0"/>
        <line num="8" count="1" type="stmt"/>
        <line num="10" count="12" type="cond" truecount="1" falsecount="0"/>
        <line num="11" count="11" type="stmt"/>
        <line num="13" count="1" type="stmt"/>
      </file>
      <file name="errorHandler.ts" path="/home/faust/work/Dishcover/@app/server/src/infrastructure/expressMiddlewares/errorHandler.ts">
        <metrics statements="6" coveredstatements="6" conditionals="3" coveredconditionals="3" methods="1" coveredmethods="1"/>
        <line num="3" count="2" type="stmt"/>
        <line num="4" count="2" type="stmt"/>
        <line num="5" count="2" type="cond" truecount="1" falsecount="0"/>
        <line num="6" count="1" type="stmt"/>
        <line num="8" count="1" type="cond" truecount="2" falsecount="0"/>
        <line num="9" count="1" type="stmt"/>
      </file>
      <file name="jwtVerification.ts" path="/home/faust/work/Dishcover/@app/server/src/infrastructure/expressMiddlewares/jwtVerification.ts">
        <metrics statements="14" coveredstatements="14" conditionals="1" coveredconditionals="1" methods="1" coveredmethods="1"/>
        <line num="2" count="2" type="stmt"/>
        <line num="3" count="2" type="stmt"/>
        <line num="5" count="2" type="stmt"/>
        <line num="7" count="2" type="stmt"/>
        <line num="13" count="2" type="stmt"/>
        <line num="14" count="9" type="stmt"/>
        <line num="16" count="9" type="cond" truecount="1" falsecount="0"/>
        <line num="17" count="1" type="stmt"/>
        <line num="19" count="8" type="stmt"/>
        <line num="20" count="8" type="stmt"/>
        <line num="21" count="7" type="stmt"/>
        <line num="22" count="7" type="stmt"/>
        <line num="23" count="7" type="stmt"/>
        <line num="25" count="1" type="stmt"/>
      </file>
      <file name="logRequest.ts" path="/home/faust/work/Dishcover/@app/server/src/infrastructure/expressMiddlewares/logRequest.ts">
        <metrics statements="9" coveredstatements="9" conditionals="0" coveredconditionals="0" methods="1" coveredmethods="1"/>
        <line num="3" count="2" type="stmt"/>
        <line num="4" count="11" type="stmt"/>
        <line num="5" count="11" type="stmt"/>
        <line num="6" count="11" type="stmt"/>
        <line num="7" count="11" type="stmt"/>
        <line num="8" count="11" type="stmt"/>
        <line num="9" count="11" type="stmt"/>
        <line num="10" count="11" type="stmt"/>
        <line num="11" count="11" type="stmt"/>
      </file>
    </package>
    <package name="infrastructure.scripts">
      <metrics statements="26" coveredstatements="0" conditionals="8" coveredconditionals="0" methods="6" coveredmethods="0"/>
      <file name="loadFixtures.ts" path="/home/faust/work/Dishcover/@app/server/src/infrastructure/scripts/loadFixtures.ts">
        <metrics statements="26" coveredstatements="0" conditionals="8" coveredconditionals="0" methods="6" coveredmethods="0"/>
        <line num="1" count="0" type="stmt"/>
        <line num="4" count="0" type="stmt"/>
        <line num="5" count="0" type="stmt"/>
        <line num="9" count="0" type="stmt"/>
        <line num="10" count="0" type="stmt"/>
        <line num="12" count="0" type="stmt"/>
        <line num="13" count="0" type="stmt"/>
        <line num="14" count="0" type="stmt"/>
        <line num="25" count="0" type="stmt"/>
        <line num="29" count="0" type="stmt"/>
        <line num="30" count="0" type="stmt"/>
        <line num="32" count="0" type="cond" truecount="0" falsecount="2"/>
        <line num="33" count="0" type="stmt"/>
        <line num="34" count="0" type="cond" truecount="0" falsecount="4"/>
        <line num="35" count="0" type="stmt"/>
        <line num="37" count="0" type="stmt"/>
        <line num="39" count="0" type="stmt"/>
        <line num="40" count="0" type="stmt"/>
        <line num="41" count="0" type="stmt"/>
        <line num="45" count="0" type="stmt"/>
        <line num="46" count="0" type="stmt"/>
        <line num="47" count="0" type="stmt"/>
        <line num="53" count="0" type="cond" truecount="0" falsecount="2"/>
        <line num="54" count="0" type="stmt"/>
        <line num="64" count="0" type="stmt"/>
        <line num="84" count="0" type="stmt"/>
      </file>
    </package>
    <package name="infrastructure.security">
      <metrics statements="1" coveredstatements="1" conditionals="0" coveredconditionals="0" methods="0" coveredmethods="0"/>
      <file name="apiKeys.ts" path="/home/faust/work/Dishcover/@app/server/src/infrastructure/security/apiKeys.ts">
        <metrics statements="1" coveredstatements="1" conditionals="0" coveredconditionals="0" methods="0" coveredmethods="0"/>
        <line num="1" count="3" type="stmt"/>
      </file>
    </package>
  </project>
</coverage>
