{"/home/faust/work/Dishcover/@app/server/src/application/controllers/AuthenticationController.ts": {"path":"/home/faust/work/Dishcover/@app/server/src/application/controllers/AuthenticationController.ts","statementMap":{"0":{"start":{"line":1,"column":0},"end":{"line":1,"column":null}},"1":{"start":{"line":6,"column":0},"end":{"line":6,"column":55}},"2":{"start":{"line":10,"column":0},"end":{"line":10,"column":63}},"3":{"start":{"line":11,"column":0},"end":{"line":11,"column":55}},"4":{"start":{"line":15,"column":12},"end":{"line":15,"column":68}},"5":{"start":{"line":16,"column":12},"end":{"line":16,"column":64}},"6":{"start":{"line":17,"column":12},"end":{"line":17,"column":34}},"7":{"start":{"line":21,"column":19},"end":{"line":21,"column":51}},"8":{"start":{"line":22,"column":4},"end":{"line":22,"column":null}},"9":{"start":{"line":22,"column":25},"end":{"line":22,"column":null}},"10":{"start":{"line":23,"column":20},"end":{"line":23,"column":74}},"11":{"start":{"line":24,"column":21},"end":{"line":24,"column":55}},"12":{"start":{"line":25,"column":18},"end":{"line":28,"column":6}},"13":{"start":{"line":29,"column":4},"end":{"line":29,"column":null}},"14":{"start":{"line":33,"column":19},"end":{"line":33,"column":54}},"15":{"start":{"line":34,"column":4},"end":{"line":36,"column":null}},"16":{"start":{"line":35,"column":6},"end":{"line":35,"column":null}},"17":{"start":{"line":37,"column":20},"end":{"line":37,"column":68}},"18":{"start":{"line":38,"column":17},"end":{"line":38,"column":51}},"19":{"start":{"line":40,"column":18},"end":{"line":43,"column":6}},"20":{"start":{"line":44,"column":4},"end":{"line":44,"column":null}},"21":{"start":{"line":13,"column":0},"end":{"line":13,"column":21}}},"fnMap":{"0":{"name":"(anonymous_1)","decl":{"start":{"line":14,"column":2},"end":{"line":14,"column":null}},"loc":{"start":{"line":17,"column":34},"end":{"line":18,"column":6}}},"1":{"name":"(anonymous_2)","decl":{"start":{"line":20,"column":2},"end":{"line":20,"column":7}},"loc":{"start":{"line":20,"column":27},"end":{"line":30,"column":3}}},"2":{"name":"(anonymous_3)","decl":{"start":{"line":32,"column":2},"end":{"line":32,"column":7}},"loc":{"start":{"line":32,"column":30},"end":{"line":45,"column":3}}}},"branchMap":{"0":{"loc":{"start":{"line":22,"column":4},"end":{"line":22,"column":null}},"type":"if","locations":[{"start":{"line":22,"column":4},"end":{"line":22,"column":null}}]},"1":{"loc":{"start":{"line":34,"column":4},"end":{"line":36,"column":null}},"type":"if","locations":[{"start":{"line":34,"column":4},"end":{"line":36,"column":null}}]}},"s":{"0":3,"1":3,"2":3,"3":3,"4":2,"5":2,"6":2,"7":1,"8":1,"9":0,"10":1,"11":1,"12":1,"13":1,"14":1,"15":1,"16":0,"17":1,"18":1,"19":1,"20":1,"21":3},"f":{"0":2,"1":1,"2":1},"b":{"0":[0],"1":[0]}}
,"/home/faust/work/Dishcover/@app/server/src/application/controllers/IngredientController.ts": {"path":"/home/faust/work/Dishcover/@app/server/src/application/controllers/IngredientController.ts","statementMap":{"0":{"start":{"line":1,"column":0},"end":{"line":1,"column":null}},"1":{"start":{"line":7,"column":0},"end":{"line":7,"column":55}},"2":{"start":{"line":8,"column":0},"end":{"line":8,"column":55}},"3":{"start":{"line":10,"column":0},"end":{"line":10,"column":63}},"4":{"start":{"line":11,"column":0},"end":{"line":11,"column":63}},"5":{"start":{"line":12,"column":0},"end":{"line":12,"column":59}},"6":{"start":{"line":13,"column":0},"end":{"line":13,"column":63}},"7":{"start":{"line":16,"column":22},"end":{"line":16,"column":64}},"8":{"start":{"line":19,"column":20},"end":{"line":19,"column":65}},"9":{"start":{"line":20,"column":21},"end":{"line":20,"column":44}},"10":{"start":{"line":22,"column":4},"end":{"line":22,"column":null}},"11":{"start":{"line":26,"column":19},"end":{"line":26,"column":57}},"12":{"start":{"line":27,"column":4},"end":{"line":27,"column":null}},"13":{"start":{"line":27,"column":25},"end":{"line":27,"column":null}},"14":{"start":{"line":28,"column":20},"end":{"line":28,"column":67}},"15":{"start":{"line":29,"column":21},"end":{"line":29,"column":93}},"16":{"start":{"line":30,"column":4},"end":{"line":30,"column":null}},"17":{"start":{"line":34,"column":19},"end":{"line":34,"column":57}},"18":{"start":{"line":35,"column":4},"end":{"line":35,"column":null}},"19":{"start":{"line":35,"column":25},"end":{"line":35,"column":null}},"20":{"start":{"line":36,"column":20},"end":{"line":36,"column":67}},"21":{"start":{"line":37,"column":21},"end":{"line":37,"column":93}},"22":{"start":{"line":38,"column":4},"end":{"line":38,"column":null}},"23":{"start":{"line":42,"column":19},"end":{"line":42,"column":57}},"24":{"start":{"line":43,"column":4},"end":{"line":43,"column":null}},"25":{"start":{"line":43,"column":25},"end":{"line":43,"column":null}},"26":{"start":{"line":44,"column":20},"end":{"line":44,"column":67}},"27":{"start":{"line":45,"column":21},"end":{"line":45,"column":55}},"28":{"start":{"line":47,"column":4},"end":{"line":47,"column":null}},"29":{"start":{"line":15,"column":0},"end":{"line":15,"column":21}}},"fnMap":{"0":{"name":"(anonymous_1)","decl":{"start":{"line":16,"column":2},"end":{"line":16,"column":22}},"loc":{"start":{"line":16,"column":64},"end":{"line":16,"column":68}}},"1":{"name":"(anonymous_2)","decl":{"start":{"line":18,"column":2},"end":{"line":18,"column":7}},"loc":{"start":{"line":18,"column":19},"end":{"line":23,"column":3}}},"2":{"name":"(anonymous_3)","decl":{"start":{"line":25,"column":2},"end":{"line":25,"column":7}},"loc":{"start":{"line":25,"column":38},"end":{"line":31,"column":3}}},"3":{"name":"(anonymous_4)","decl":{"start":{"line":33,"column":2},"end":{"line":33,"column":7}},"loc":{"start":{"line":33,"column":38},"end":{"line":39,"column":3}}},"4":{"name":"(anonymous_5)","decl":{"start":{"line":41,"column":2},"end":{"line":41,"column":7}},"loc":{"start":{"line":41,"column":38},"end":{"line":48,"column":3}}}},"branchMap":{"0":{"loc":{"start":{"line":27,"column":4},"end":{"line":27,"column":null}},"type":"if","locations":[{"start":{"line":27,"column":4},"end":{"line":27,"column":null}}]},"1":{"loc":{"start":{"line":35,"column":4},"end":{"line":35,"column":null}},"type":"if","locations":[{"start":{"line":35,"column":4},"end":{"line":35,"column":null}}]},"2":{"loc":{"start":{"line":43,"column":4},"end":{"line":43,"column":null}},"type":"if","locations":[{"start":{"line":43,"column":4},"end":{"line":43,"column":null}}]}},"s":{"0":3,"1":3,"2":3,"3":3,"4":3,"5":3,"6":3,"7":1,"8":1,"9":1,"10":1,"11":1,"12":1,"13":0,"14":1,"15":1,"16":1,"17":1,"18":1,"19":0,"20":1,"21":1,"22":1,"23":1,"24":1,"25":0,"26":1,"27":1,"28":1,"29":3},"f":{"0":1,"1":1,"2":1,"3":1,"4":1},"b":{"0":[0],"1":[0],"2":[0]}}
,"/home/faust/work/Dishcover/@app/server/src/application/controllers/RecipeController.ts": {"path":"/home/faust/work/Dishcover/@app/server/src/application/controllers/RecipeController.ts","statementMap":{"0":{"start":{"line":1,"column":0},"end":{"line":1,"column":85}},"1":{"start":{"line":2,"column":0},"end":{"line":2,"column":83}},"2":{"start":{"line":3,"column":0},"end":{"line":3,"column":83}},"3":{"start":{"line":4,"column":0},"end":{"line":4,"column":83}},"4":{"start":{"line":7,"column":0},"end":{"line":7,"column":55}},"5":{"start":{"line":9,"column":0},"end":{"line":9,"column":55}},"6":{"start":{"line":10,"column":0},"end":{"line":10,"column":55}},"7":{"start":{"line":11,"column":0},"end":{"line":11,"column":57}},"8":{"start":{"line":12,"column":0},"end":{"line":12,"column":67}},"9":{"start":{"line":13,"column":0},"end":{"line":13,"column":55}},"10":{"start":{"line":16,"column":22},"end":{"line":16,"column":56}},"11":{"start":{"line":19,"column":19},"end":{"line":19,"column":60}},"12":{"start":{"line":20,"column":4},"end":{"line":20,"column":null}},"13":{"start":{"line":20,"column":25},"end":{"line":20,"column":null}},"14":{"start":{"line":21,"column":20},"end":{"line":21,"column":65}},"15":{"start":{"line":22,"column":21},"end":{"line":22,"column":55}},"16":{"start":{"line":23,"column":4},"end":{"line":23,"column":null}},"17":{"start":{"line":27,"column":20},"end":{"line":27,"column":60}},"18":{"start":{"line":28,"column":21},"end":{"line":28,"column":44}},"19":{"start":{"line":29,"column":4},"end":{"line":29,"column":null}},"20":{"start":{"line":33,"column":19},"end":{"line":33,"column":58}},"21":{"start":{"line":34,"column":4},"end":{"line":34,"column":null}},"22":{"start":{"line":34,"column":25},"end":{"line":34,"column":null}},"23":{"start":{"line":35,"column":20},"end":{"line":35,"column":59}},"24":{"start":{"line":36,"column":21},"end":{"line":36,"column":76}},"25":{"start":{"line":37,"column":4},"end":{"line":37,"column":null}},"26":{"start":{"line":41,"column":19},"end":{"line":41,"column":58}},"27":{"start":{"line":42,"column":4},"end":{"line":42,"column":null}},"28":{"start":{"line":42,"column":25},"end":{"line":42,"column":null}},"29":{"start":{"line":43,"column":20},"end":{"line":43,"column":59}},"30":{"start":{"line":44,"column":4},"end":{"line":44,"column":null}},"31":{"start":{"line":48,"column":19},"end":{"line":48,"column":58}},"32":{"start":{"line":49,"column":4},"end":{"line":49,"column":null}},"33":{"start":{"line":49,"column":25},"end":{"line":49,"column":null}},"34":{"start":{"line":50,"column":20},"end":{"line":50,"column":59}},"35":{"start":{"line":51,"column":21},"end":{"line":51,"column":55}},"36":{"start":{"line":52,"column":4},"end":{"line":52,"column":null}},"37":{"start":{"line":15,"column":0},"end":{"line":15,"column":21}}},"fnMap":{"0":{"name":"(anonymous_1)","decl":{"start":{"line":16,"column":2},"end":{"line":16,"column":22}},"loc":{"start":{"line":16,"column":56},"end":{"line":16,"column":60}}},"1":{"name":"(anonymous_2)","decl":{"start":{"line":18,"column":2},"end":{"line":18,"column":7}},"loc":{"start":{"line":18,"column":41},"end":{"line":24,"column":3}}},"2":{"name":"(anonymous_3)","decl":{"start":{"line":26,"column":2},"end":{"line":26,"column":7}},"loc":{"start":{"line":26,"column":19},"end":{"line":30,"column":3}}},"3":{"name":"(anonymous_4)","decl":{"start":{"line":32,"column":2},"end":{"line":32,"column":7}},"loc":{"start":{"line":32,"column":34},"end":{"line":38,"column":3}}},"4":{"name":"(anonymous_5)","decl":{"start":{"line":40,"column":2},"end":{"line":40,"column":7}},"loc":{"start":{"line":40,"column":34},"end":{"line":45,"column":3}}},"5":{"name":"(anonymous_6)","decl":{"start":{"line":47,"column":2},"end":{"line":47,"column":7}},"loc":{"start":{"line":47,"column":34},"end":{"line":53,"column":3}}}},"branchMap":{"0":{"loc":{"start":{"line":20,"column":4},"end":{"line":20,"column":null}},"type":"if","locations":[{"start":{"line":20,"column":4},"end":{"line":20,"column":null}}]},"1":{"loc":{"start":{"line":34,"column":4},"end":{"line":34,"column":null}},"type":"if","locations":[{"start":{"line":34,"column":4},"end":{"line":34,"column":null}}]},"2":{"loc":{"start":{"line":42,"column":4},"end":{"line":42,"column":null}},"type":"if","locations":[{"start":{"line":42,"column":4},"end":{"line":42,"column":null}}]},"3":{"loc":{"start":{"line":49,"column":4},"end":{"line":49,"column":null}},"type":"if","locations":[{"start":{"line":49,"column":4},"end":{"line":49,"column":null}}]}},"s":{"0":3,"1":3,"2":3,"3":3,"4":3,"5":3,"6":3,"7":3,"8":3,"9":3,"10":1,"11":1,"12":1,"13":0,"14":1,"15":1,"16":1,"17":1,"18":1,"19":1,"20":1,"21":1,"22":0,"23":1,"24":1,"25":1,"26":1,"27":1,"28":0,"29":1,"30":1,"31":1,"32":1,"33":0,"34":1,"35":1,"36":1,"37":3},"f":{"0":1,"1":1,"2":1,"3":1,"4":1,"5":1},"b":{"0":[0],"1":[0],"2":[0],"3":[0]}}
,"/home/faust/work/Dishcover/@app/server/src/application/errors/UniqueConstraintError.ts": {"path":"/home/faust/work/Dishcover/@app/server/src/application/errors/UniqueConstraintError.ts","statementMap":{"0":{"start":{"line":10,"column":4},"end":{"line":10,"column":null}},"1":{"start":{"line":6,"column":2},"end":{"line":6,"column":null}},"2":{"start":{"line":11,"column":18},"end":{"line":11,"column":63}},"3":{"start":{"line":12,"column":4},"end":{"line":17,"column":null}},"4":{"start":{"line":18,"column":4},"end":{"line":18,"column":null}},"5":{"start":{"line":5,"column":0},"end":{"line":5,"column":21}}},"fnMap":{"0":{"name":"(anonymous_0)","decl":{"start":{"line":9,"column":2},"end":{"line":9,"column":14}},"loc":{"start":{"line":9,"column":57},"end":{"line":19,"column":3}}}},"branchMap":{},"s":{"0":6,"1":6,"2":6,"3":6,"4":6,"5":8},"f":{"0":6},"b":{}}
,"/home/faust/work/Dishcover/@app/server/src/application/errors/ValidationError.ts": {"path":"/home/faust/work/Dishcover/@app/server/src/application/errors/ValidationError.ts","statementMap":{"0":{"start":{"line":10,"column":4},"end":{"line":10,"column":null}},"1":{"start":{"line":6,"column":2},"end":{"line":6,"column":null}},"2":{"start":{"line":11,"column":4},"end":{"line":11,"column":null}},"3":{"start":{"line":13,"column":4},"end":{"line":16,"column":null}},"4":{"start":{"line":13,"column":44},"end":{"line":16,"column":6}},"5":{"start":{"line":17,"column":4},"end":{"line":17,"column":null}},"6":{"start":{"line":5,"column":0},"end":{"line":5,"column":21}}},"fnMap":{"0":{"name":"(anonymous_0)","decl":{"start":{"line":9,"column":2},"end":{"line":9,"column":14}},"loc":{"start":{"line":9,"column":29},"end":{"line":18,"column":3}}},"1":{"name":"(anonymous_1)","decl":{"start":{"line":13,"column":36},"end":{"line":13,"column":37}},"loc":{"start":{"line":13,"column":44},"end":{"line":16,"column":6}}}},"branchMap":{},"s":{"0":1,"1":1,"2":1,"3":1,"4":2,"5":1,"6":9},"f":{"0":1,"1":2},"b":{}}
,"/home/faust/work/Dishcover/@app/server/src/application/errors/WrongEmailPasswordComboError.ts": {"path":"/home/faust/work/Dishcover/@app/server/src/application/errors/WrongEmailPasswordComboError.ts","statementMap":{"0":{"start":{"line":12,"column":4},"end":{"line":12,"column":null}},"1":{"start":{"line":9,"column":2},"end":{"line":9,"column":null}},"2":{"start":{"line":13,"column":4},"end":{"line":18,"column":null}},"3":{"start":{"line":19,"column":4},"end":{"line":19,"column":null}},"4":{"start":{"line":4,"column":0},"end":{"line":4,"column":21}}},"fnMap":{"0":{"name":"(anonymous_0)","decl":{"start":{"line":11,"column":2},"end":{"line":11,"column":14}},"loc":{"start":{"line":11,"column":26},"end":{"line":20,"column":3}}}},"branchMap":{},"s":{"0":3,"1":3,"2":3,"3":3,"4":5},"f":{"0":3},"b":{}}
,"/home/faust/work/Dishcover/@app/server/src/application/repositories/IngredientRepository.ts": {"path":"/home/faust/work/Dishcover/@app/server/src/application/repositories/IngredientRepository.ts","statementMap":{"0":{"start":{"line":1,"column":0},"end":{"line":1,"column":53}},"1":{"start":{"line":3,"column":0},"end":{"line":3,"column":55}},"2":{"start":{"line":5,"column":0},"end":{"line":5,"column":67}},"3":{"start":{"line":8,"column":22},"end":{"line":8,"column":48}},"4":{"start":{"line":11,"column":24},"end":{"line":11,"column":69}},"5":{"start":{"line":12,"column":4},"end":{"line":12,"column":null}},"6":{"start":{"line":12,"column":34},"end":{"line":12,"column":58}},"7":{"start":{"line":16,"column":4},"end":{"line":20,"column":null}},"8":{"start":{"line":24,"column":4},"end":{"line":36,"column":null}},"9":{"start":{"line":25,"column":31},"end":{"line":27,"column":8}},"10":{"start":{"line":28,"column":6},"end":{"line":28,"column":null}},"11":{"start":{"line":30,"column":6},"end":{"line":34,"column":null}},"12":{"start":{"line":31,"column":8},"end":{"line":33,"column":null}},"13":{"start":{"line":32,"column":10},"end":{"line":32,"column":null}},"14":{"start":{"line":35,"column":6},"end":{"line":35,"column":null}},"15":{"start":{"line":40,"column":4},"end":{"line":53,"column":null}},"16":{"start":{"line":41,"column":31},"end":{"line":44,"column":8}},"17":{"start":{"line":45,"column":6},"end":{"line":45,"column":null}},"18":{"start":{"line":47,"column":6},"end":{"line":51,"column":null}},"19":{"start":{"line":48,"column":8},"end":{"line":50,"column":null}},"20":{"start":{"line":49,"column":10},"end":{"line":49,"column":null}},"21":{"start":{"line":52,"column":6},"end":{"line":52,"column":null}},"22":{"start":{"line":7,"column":0},"end":{"line":7,"column":21}}},"fnMap":{"0":{"name":"(anonymous_1)","decl":{"start":{"line":8,"column":2},"end":{"line":8,"column":22}},"loc":{"start":{"line":8,"column":48},"end":{"line":8,"column":52}}},"1":{"name":"(anonymous_2)","decl":{"start":{"line":10,"column":2},"end":{"line":10,"column":7}},"loc":{"start":{"line":10,"column":14},"end":{"line":13,"column":3}}},"2":{"name":"(anonymous_3)","decl":{"start":{"line":12,"column":27},"end":{"line":12,"column":28}},"loc":{"start":{"line":12,"column":34},"end":{"line":12,"column":58}}},"3":{"name":"(anonymous_4)","decl":{"start":{"line":15,"column":2},"end":{"line":15,"column":7}},"loc":{"start":{"line":15,"column":35},"end":{"line":21,"column":3}}},"4":{"name":"(anonymous_5)","decl":{"start":{"line":23,"column":2},"end":{"line":23,"column":7}},"loc":{"start":{"line":23,"column":40},"end":{"line":37,"column":3}}},"5":{"name":"(anonymous_6)","decl":{"start":{"line":39,"column":2},"end":{"line":39,"column":7}},"loc":{"start":{"line":39,"column":37},"end":{"line":54,"column":3}}}},"branchMap":{"0":{"loc":{"start":{"line":30,"column":6},"end":{"line":34,"column":null}},"type":"if","locations":[{"start":{"line":30,"column":6},"end":{"line":34,"column":null}}]},"1":{"loc":{"start":{"line":31,"column":8},"end":{"line":33,"column":null}},"type":"if","locations":[{"start":{"line":31,"column":8},"end":{"line":33,"column":null}}]},"2":{"loc":{"start":{"line":47,"column":6},"end":{"line":51,"column":null}},"type":"if","locations":[{"start":{"line":47,"column":6},"end":{"line":51,"column":null}}]},"3":{"loc":{"start":{"line":48,"column":8},"end":{"line":50,"column":null}},"type":"if","locations":[{"start":{"line":48,"column":8},"end":{"line":50,"column":null}}]}},"s":{"0":4,"1":4,"2":4,"3":2,"4":1,"5":1,"6":1,"7":1,"8":2,"9":2,"10":1,"11":1,"12":1,"13":1,"14":0,"15":2,"16":2,"17":1,"18":1,"19":1,"20":1,"21":0,"22":4},"f":{"0":2,"1":1,"2":1,"3":1,"4":2,"5":2},"b":{"0":[1],"1":[1],"2":[1],"3":[1]}}
,"/home/faust/work/Dishcover/@app/server/src/application/repositories/RecipeRepository.ts": {"path":"/home/faust/work/Dishcover/@app/server/src/application/repositories/RecipeRepository.ts","statementMap":{"0":{"start":{"line":1,"column":0},"end":{"line":1,"column":53}},"1":{"start":{"line":3,"column":0},"end":{"line":3,"column":47}},"2":{"start":{"line":5,"column":0},"end":{"line":5,"column":67}},"3":{"start":{"line":8,"column":22},"end":{"line":8,"column":48}},"4":{"start":{"line":10,"column":20},"end":{"line":19,"column":6}},"5":{"start":{"line":21,"column":4},"end":{"line":21,"column":null}},"6":{"start":{"line":21,"column":35},"end":{"line":21,"column":60}},"7":{"start":{"line":25,"column":20},"end":{"line":37,"column":6}},"8":{"start":{"line":38,"column":4},"end":{"line":38,"column":null}},"9":{"start":{"line":38,"column":35},"end":{"line":38,"column":60}},"10":{"start":{"line":42,"column":4},"end":{"line":62,"column":null}},"11":{"start":{"line":43,"column":27},"end":{"line":53,"column":8}},"12":{"start":{"line":54,"column":6},"end":{"line":54,"column":null}},"13":{"start":{"line":56,"column":6},"end":{"line":60,"column":null}},"14":{"start":{"line":57,"column":8},"end":{"line":59,"column":null}},"15":{"start":{"line":58,"column":10},"end":{"line":58,"column":null}},"16":{"start":{"line":61,"column":6},"end":{"line":61,"column":null}},"17":{"start":{"line":66,"column":4},"end":{"line":70,"column":null}},"18":{"start":{"line":74,"column":4},"end":{"line":97,"column":null}},"19":{"start":{"line":75,"column":27},"end":{"line":88,"column":8}},"20":{"start":{"line":89,"column":6},"end":{"line":89,"column":null}},"21":{"start":{"line":91,"column":6},"end":{"line":95,"column":null}},"22":{"start":{"line":92,"column":8},"end":{"line":94,"column":null}},"23":{"start":{"line":93,"column":10},"end":{"line":93,"column":null}},"24":{"start":{"line":96,"column":6},"end":{"line":96,"column":null}},"25":{"start":{"line":7,"column":0},"end":{"line":7,"column":21}}},"fnMap":{"0":{"name":"(anonymous_1)","decl":{"start":{"line":8,"column":2},"end":{"line":8,"column":22}},"loc":{"start":{"line":8,"column":48},"end":{"line":8,"column":52}}},"1":{"name":"(anonymous_2)","decl":{"start":{"line":9,"column":2},"end":{"line":9,"column":7}},"loc":{"start":{"line":9,"column":19},"end":{"line":22,"column":3}}},"2":{"name":"(anonymous_3)","decl":{"start":{"line":21,"column":23},"end":{"line":21,"column":24}},"loc":{"start":{"line":21,"column":35},"end":{"line":21,"column":60}}},"3":{"name":"(anonymous_4)","decl":{"start":{"line":24,"column":2},"end":{"line":24,"column":7}},"loc":{"start":{"line":24,"column":42},"end":{"line":39,"column":3}}},"4":{"name":"(anonymous_5)","decl":{"start":{"line":38,"column":23},"end":{"line":38,"column":24}},"loc":{"start":{"line":38,"column":35},"end":{"line":38,"column":60}}},"5":{"name":"(anonymous_6)","decl":{"start":{"line":41,"column":2},"end":{"line":41,"column":7}},"loc":{"start":{"line":41,"column":35},"end":{"line":63,"column":3}}},"6":{"name":"(anonymous_7)","decl":{"start":{"line":65,"column":2},"end":{"line":65,"column":7}},"loc":{"start":{"line":65,"column":37},"end":{"line":71,"column":3}}},"7":{"name":"(anonymous_8)","decl":{"start":{"line":73,"column":2},"end":{"line":73,"column":7}},"loc":{"start":{"line":73,"column":35},"end":{"line":98,"column":3}}}},"branchMap":{"0":{"loc":{"start":{"line":56,"column":6},"end":{"line":60,"column":null}},"type":"if","locations":[{"start":{"line":56,"column":6},"end":{"line":60,"column":null}}]},"1":{"loc":{"start":{"line":57,"column":8},"end":{"line":59,"column":null}},"type":"if","locations":[{"start":{"line":57,"column":8},"end":{"line":59,"column":null}}]},"2":{"loc":{"start":{"line":91,"column":6},"end":{"line":95,"column":null}},"type":"if","locations":[{"start":{"line":91,"column":6},"end":{"line":95,"column":null}}]},"3":{"loc":{"start":{"line":92,"column":8},"end":{"line":94,"column":null}},"type":"if","locations":[{"start":{"line":92,"column":8},"end":{"line":94,"column":null}}]}},"s":{"0":4,"1":4,"2":4,"3":2,"4":1,"5":1,"6":1,"7":1,"8":1,"9":1,"10":2,"11":2,"12":1,"13":1,"14":1,"15":1,"16":0,"17":1,"18":2,"19":2,"20":1,"21":1,"22":1,"23":1,"24":0,"25":4},"f":{"0":2,"1":1,"2":1,"3":1,"4":1,"5":2,"6":1,"7":2},"b":{"0":[1],"1":[1],"2":[1],"3":[1]}}
,"/home/faust/work/Dishcover/@app/server/src/application/repositories/UserRepository.ts": {"path":"/home/faust/work/Dishcover/@app/server/src/application/repositories/UserRepository.ts","statementMap":{"0":{"start":{"line":1,"column":0},"end":{"line":1,"column":53}},"1":{"start":{"line":3,"column":0},"end":{"line":3,"column":43}},"2":{"start":{"line":5,"column":0},"end":{"line":5,"column":67}},"3":{"start":{"line":8,"column":22},"end":{"line":8,"column":48}},"4":{"start":{"line":11,"column":17},"end":{"line":15,"column":6}},"5":{"start":{"line":16,"column":4},"end":{"line":16,"column":null}},"6":{"start":{"line":20,"column":4},"end":{"line":28,"column":null}},"7":{"start":{"line":21,"column":25},"end":{"line":21,"column":93}},"8":{"start":{"line":22,"column":6},"end":{"line":22,"column":null}},"9":{"start":{"line":24,"column":6},"end":{"line":26,"column":null}},"10":{"start":{"line":25,"column":8},"end":{"line":25,"column":null}},"11":{"start":{"line":27,"column":6},"end":{"line":27,"column":null}},"12":{"start":{"line":7,"column":0},"end":{"line":7,"column":21}}},"fnMap":{"0":{"name":"(anonymous_1)","decl":{"start":{"line":8,"column":2},"end":{"line":8,"column":22}},"loc":{"start":{"line":8,"column":48},"end":{"line":8,"column":52}}},"1":{"name":"(anonymous_2)","decl":{"start":{"line":10,"column":2},"end":{"line":10,"column":7}},"loc":{"start":{"line":10,"column":36},"end":{"line":17,"column":3}}},"2":{"name":"(anonymous_3)","decl":{"start":{"line":19,"column":2},"end":{"line":19,"column":7}},"loc":{"start":{"line":19,"column":29},"end":{"line":29,"column":3}}}},"branchMap":{"0":{"loc":{"start":{"line":16,"column":11},"end":{"line":16,"column":46}},"type":"cond-expr","locations":[{"start":{"line":16,"column":18},"end":{"line":16,"column":39}},{"start":{"line":16,"column":42},"end":{"line":16,"column":46}}]},"1":{"loc":{"start":{"line":24,"column":6},"end":{"line":26,"column":null}},"type":"if","locations":[{"start":{"line":24,"column":6},"end":{"line":26,"column":null}}]}},"s":{"0":4,"1":4,"2":4,"3":4,"4":2,"5":2,"6":2,"7":2,"8":1,"9":1,"10":1,"11":0,"12":4},"f":{"0":4,"1":2,"2":2},"b":{"0":[1,1],"1":[1]}}
,"/home/faust/work/Dishcover/@app/server/src/application/services/JwtService.ts": {"path":"/home/faust/work/Dishcover/@app/server/src/application/services/JwtService.ts","statementMap":{"0":{"start":{"line":1,"column":0},"end":{"line":1,"column":30}},"1":{"start":{"line":3,"column":0},"end":{"line":3,"column":64}},"2":{"start":{"line":7,"column":4},"end":{"line":7,"column":null}},"3":{"start":{"line":10,"column":4},"end":{"line":10,"column":null}},"4":{"start":{"line":5,"column":0},"end":{"line":5,"column":21}}},"fnMap":{"0":{"name":"(anonymous_1)","decl":{"start":{"line":6,"column":2},"end":{"line":6,"column":15}},"loc":{"start":{"line":6,"column":48},"end":{"line":8,"column":3}}},"1":{"name":"(anonymous_2)","decl":{"start":{"line":9,"column":2},"end":{"line":9,"column":13}},"loc":{"start":{"line":9,"column":27},"end":{"line":11,"column":3}}}},"branchMap":{},"s":{"0":5,"1":5,"2":4,"3":2,"4":5},"f":{"0":4,"1":2},"b":{}}
,"/home/faust/work/Dishcover/@app/server/src/application/strategies/EmailAuthenticationStrategy.ts": {"path":"/home/faust/work/Dishcover/@app/server/src/application/strategies/EmailAuthenticationStrategy.ts","statementMap":{"0":{"start":{"line":1,"column":0},"end":{"line":1,"column":27}},"1":{"start":{"line":5,"column":0},"end":{"line":5,"column":81}},"2":{"start":{"line":9,"column":22},"end":{"line":9,"column":52}},"3":{"start":{"line":11,"column":17},"end":{"line":11,"column":64}},"4":{"start":{"line":12,"column":4},"end":{"line":14,"column":null}},"5":{"start":{"line":13,"column":6},"end":{"line":13,"column":null}},"6":{"start":{"line":16,"column":27},"end":{"line":16,"column":72}},"7":{"start":{"line":17,"column":4},"end":{"line":21,"column":null}},"8":{"start":{"line":18,"column":6},"end":{"line":18,"column":null}},"9":{"start":{"line":20,"column":6},"end":{"line":20,"column":null}},"10":{"start":{"line":8,"column":0},"end":{"line":8,"column":21}}},"fnMap":{"0":{"name":"(anonymous_1)","decl":{"start":{"line":9,"column":2},"end":{"line":9,"column":22}},"loc":{"start":{"line":9,"column":52},"end":{"line":9,"column":56}}},"1":{"name":"(anonymous_2)","decl":{"start":{"line":10,"column":2},"end":{"line":10,"column":7}},"loc":{"start":{"line":10,"column":52},"end":{"line":22,"column":3}}}},"branchMap":{"0":{"loc":{"start":{"line":12,"column":4},"end":{"line":14,"column":null}},"type":"if","locations":[{"start":{"line":12,"column":4},"end":{"line":14,"column":null}}]},"1":{"loc":{"start":{"line":17,"column":4},"end":{"line":21,"column":null}},"type":"if","locations":[{"start":{"line":17,"column":4},"end":{"line":21,"column":null}},{"start":{"line":19,"column":11},"end":{"line":21,"column":null}}]}},"s":{"0":4,"1":4,"2":3,"3":3,"4":3,"5":1,"6":2,"7":2,"8":1,"9":1,"10":4},"f":{"0":3,"1":3},"b":{"0":[1],"1":[1,1]}}
,"/home/faust/work/Dishcover/@app/server/src/application/strategies/EmailRegistrationStrategy.ts": {"path":"/home/faust/work/Dishcover/@app/server/src/application/strategies/EmailRegistrationStrategy.ts","statementMap":{"0":{"start":{"line":1,"column":0},"end":{"line":1,"column":27}},"1":{"start":{"line":3,"column":0},"end":{"line":3,"column":43}},"2":{"start":{"line":5,"column":0},"end":{"line":5,"column":51}},"3":{"start":{"line":9,"column":22},"end":{"line":9,"column":52}},"4":{"start":{"line":12,"column":23},"end":{"line":12,"column":25}},"5":{"start":{"line":13,"column":17},"end":{"line":13,"column":49}},"6":{"start":{"line":14,"column":27},"end":{"line":14,"column":60}},"7":{"start":{"line":16,"column":17},"end":{"line":16,"column":86}},"8":{"start":{"line":17,"column":25},"end":{"line":17,"column":67}},"9":{"start":{"line":18,"column":4},"end":{"line":18,"column":null}},"10":{"start":{"line":8,"column":0},"end":{"line":8,"column":21}}},"fnMap":{"0":{"name":"(anonymous_1)","decl":{"start":{"line":9,"column":2},"end":{"line":9,"column":22}},"loc":{"start":{"line":9,"column":52},"end":{"line":9,"column":56}}},"1":{"name":"(anonymous_2)","decl":{"start":{"line":11,"column":2},"end":{"line":11,"column":7}},"loc":{"start":{"line":11,"column":48},"end":{"line":19,"column":3}}}},"branchMap":{},"s":{"0":4,"1":4,"2":4,"3":3,"4":1,"5":1,"6":1,"7":1,"8":1,"9":1,"10":4},"f":{"0":3,"1":1},"b":{}}
,"/home/faust/work/Dishcover/@app/server/src/application/useCases/AuthenticateUser.ts": {"path":"/home/faust/work/Dishcover/@app/server/src/application/useCases/AuthenticateUser.ts","statementMap":{"0":{"start":{"line":8,"column":22},"end":{"line":8,"column":69}},"1":{"start":{"line":11,"column":32},"end":{"line":11,"column":37}},"2":{"start":{"line":12,"column":4},"end":{"line":12,"column":null}},"3":{"start":{"line":7,"column":0},"end":{"line":7,"column":13}}},"fnMap":{"0":{"name":"(anonymous_0)","decl":{"start":{"line":8,"column":2},"end":{"line":8,"column":22}},"loc":{"start":{"line":8,"column":69},"end":{"line":8,"column":73}}},"1":{"name":"(anonymous_1)","decl":{"start":{"line":10,"column":2},"end":{"line":10,"column":7}},"loc":{"start":{"line":10,"column":58},"end":{"line":13,"column":3}}}},"branchMap":{},"s":{"0":2,"1":2,"2":2,"3":5},"f":{"0":2,"1":2},"b":{}}
,"/home/faust/work/Dishcover/@app/server/src/application/useCases/CreateIngredient.ts": {"path":"/home/faust/work/Dishcover/@app/server/src/application/useCases/CreateIngredient.ts","statementMap":{"0":{"start":{"line":8,"column":22},"end":{"line":8,"column":64}},"1":{"start":{"line":11,"column":23},"end":{"line":11,"column":76}},"2":{"start":{"line":12,"column":4},"end":{"line":12,"column":null}},"3":{"start":{"line":7,"column":0},"end":{"line":7,"column":13}}},"fnMap":{"0":{"name":"(anonymous_0)","decl":{"start":{"line":8,"column":2},"end":{"line":8,"column":22}},"loc":{"start":{"line":8,"column":64},"end":{"line":8,"column":68}}},"1":{"name":"(anonymous_1)","decl":{"start":{"line":10,"column":2},"end":{"line":10,"column":7}},"loc":{"start":{"line":10,"column":41},"end":{"line":13,"column":3}}}},"branchMap":{},"s":{"0":2,"1":2,"2":2,"3":5},"f":{"0":2,"1":2},"b":{}}
,"/home/faust/work/Dishcover/@app/server/src/application/useCases/CreateRecipe.ts": {"path":"/home/faust/work/Dishcover/@app/server/src/application/useCases/CreateRecipe.ts","statementMap":{"0":{"start":{"line":3,"column":0},"end":{"line":3,"column":47}},"1":{"start":{"line":9,"column":22},"end":{"line":9,"column":56}},"2":{"start":{"line":12,"column":19},"end":{"line":12,"column":48}},"3":{"start":{"line":13,"column":26},"end":{"line":13,"column":74}},"4":{"start":{"line":14,"column":4},"end":{"line":14,"column":null}},"5":{"start":{"line":8,"column":0},"end":{"line":8,"column":13}}},"fnMap":{"0":{"name":"(anonymous_1)","decl":{"start":{"line":9,"column":2},"end":{"line":9,"column":22}},"loc":{"start":{"line":9,"column":56},"end":{"line":9,"column":60}}},"1":{"name":"(anonymous_2)","decl":{"start":{"line":11,"column":2},"end":{"line":11,"column":7}},"loc":{"start":{"line":11,"column":40},"end":{"line":15,"column":3}}}},"branchMap":{},"s":{"0":5,"1":2,"2":2,"3":2,"4":2,"5":5},"f":{"0":2,"1":2},"b":{}}
,"/home/faust/work/Dishcover/@app/server/src/application/useCases/DeleteIngredient.ts": {"path":"/home/faust/work/Dishcover/@app/server/src/application/useCases/DeleteIngredient.ts","statementMap":{"0":{"start":{"line":7,"column":22},"end":{"line":7,"column":64}},"1":{"start":{"line":10,"column":4},"end":{"line":10,"column":null}},"2":{"start":{"line":6,"column":0},"end":{"line":6,"column":13}}},"fnMap":{"0":{"name":"(anonymous_0)","decl":{"start":{"line":7,"column":2},"end":{"line":7,"column":22}},"loc":{"start":{"line":7,"column":64},"end":{"line":7,"column":68}}},"1":{"name":"(anonymous_1)","decl":{"start":{"line":9,"column":2},"end":{"line":9,"column":7}},"loc":{"start":{"line":9,"column":44},"end":{"line":11,"column":3}}}},"branchMap":{},"s":{"0":2,"1":2,"2":5},"f":{"0":2,"1":2},"b":{}}
,"/home/faust/work/Dishcover/@app/server/src/application/useCases/DeleteRecipe.ts": {"path":"/home/faust/work/Dishcover/@app/server/src/application/useCases/DeleteRecipe.ts","statementMap":{"0":{"start":{"line":7,"column":22},"end":{"line":7,"column":56}},"1":{"start":{"line":10,"column":4},"end":{"line":10,"column":null}},"2":{"start":{"line":6,"column":0},"end":{"line":6,"column":13}}},"fnMap":{"0":{"name":"(anonymous_0)","decl":{"start":{"line":7,"column":2},"end":{"line":7,"column":22}},"loc":{"start":{"line":7,"column":56},"end":{"line":7,"column":60}}},"1":{"name":"(anonymous_1)","decl":{"start":{"line":9,"column":2},"end":{"line":9,"column":7}},"loc":{"start":{"line":9,"column":40},"end":{"line":11,"column":3}}}},"branchMap":{},"s":{"0":2,"1":2,"2":5},"f":{"0":2,"1":2},"b":{}}
,"/home/faust/work/Dishcover/@app/server/src/application/useCases/GetAllRecipes.ts": {"path":"/home/faust/work/Dishcover/@app/server/src/application/useCases/GetAllRecipes.ts","statementMap":{"0":{"start":{"line":9,"column":22},"end":{"line":9,"column":56}},"1":{"start":{"line":12,"column":20},"end":{"line":12,"column":61}},"2":{"start":{"line":13,"column":4},"end":{"line":13,"column":null}},"3":{"start":{"line":13,"column":35},"end":{"line":13,"column":54}},"4":{"start":{"line":8,"column":0},"end":{"line":8,"column":13}}},"fnMap":{"0":{"name":"(anonymous_0)","decl":{"start":{"line":9,"column":2},"end":{"line":9,"column":22}},"loc":{"start":{"line":9,"column":56},"end":{"line":9,"column":60}}},"1":{"name":"(anonymous_1)","decl":{"start":{"line":11,"column":2},"end":{"line":11,"column":7}},"loc":{"start":{"line":11,"column":15},"end":{"line":14,"column":3}}},"2":{"name":"(anonymous_2)","decl":{"start":{"line":13,"column":23},"end":{"line":13,"column":24}},"loc":{"start":{"line":13,"column":35},"end":{"line":13,"column":54}}}},"branchMap":{},"s":{"0":2,"1":2,"2":2,"3":3,"4":5},"f":{"0":2,"1":2,"2":3},"b":{}}
,"/home/faust/work/Dishcover/@app/server/src/application/useCases/GetIngredients.ts": {"path":"/home/faust/work/Dishcover/@app/server/src/application/useCases/GetIngredients.ts","statementMap":{"0":{"start":{"line":6,"column":22},"end":{"line":6,"column":64}},"1":{"start":{"line":9,"column":24},"end":{"line":9,"column":64}},"2":{"start":{"line":10,"column":4},"end":{"line":10,"column":null}},"3":{"start":{"line":10,"column":43},"end":{"line":10,"column":66}},"4":{"start":{"line":5,"column":0},"end":{"line":5,"column":13}}},"fnMap":{"0":{"name":"(anonymous_0)","decl":{"start":{"line":6,"column":2},"end":{"line":6,"column":22}},"loc":{"start":{"line":6,"column":64},"end":{"line":6,"column":68}}},"1":{"name":"(anonymous_1)","decl":{"start":{"line":8,"column":2},"end":{"line":8,"column":7}},"loc":{"start":{"line":8,"column":15},"end":{"line":11,"column":3}}},"2":{"name":"(anonymous_2)","decl":{"start":{"line":10,"column":27},"end":{"line":10,"column":28}},"loc":{"start":{"line":10,"column":43},"end":{"line":10,"column":66}}}},"branchMap":{},"s":{"0":3,"1":3,"2":3,"3":5,"4":6},"f":{"0":3,"1":3,"2":5},"b":{}}
,"/home/faust/work/Dishcover/@app/server/src/application/useCases/GetPersonalRecipes.ts": {"path":"/home/faust/work/Dishcover/@app/server/src/application/useCases/GetPersonalRecipes.ts","statementMap":{"0":{"start":{"line":9,"column":22},"end":{"line":9,"column":56}},"1":{"start":{"line":12,"column":23},"end":{"line":12,"column":28}},"2":{"start":{"line":13,"column":20},"end":{"line":13,"column":75}},"3":{"start":{"line":14,"column":4},"end":{"line":14,"column":null}},"4":{"start":{"line":14,"column":36},"end":{"line":14,"column":56}},"5":{"start":{"line":8,"column":0},"end":{"line":8,"column":13}}},"fnMap":{"0":{"name":"(anonymous_0)","decl":{"start":{"line":9,"column":2},"end":{"line":9,"column":22}},"loc":{"start":{"line":9,"column":56},"end":{"line":9,"column":60}}},"1":{"name":"(anonymous_1)","decl":{"start":{"line":11,"column":2},"end":{"line":11,"column":7}},"loc":{"start":{"line":11,"column":41},"end":{"line":15,"column":3}}},"2":{"name":"(anonymous_2)","decl":{"start":{"line":14,"column":23},"end":{"line":14,"column":24}},"loc":{"start":{"line":14,"column":36},"end":{"line":14,"column":56}}}},"branchMap":{},"s":{"0":1,"1":1,"2":1,"3":1,"4":1,"5":4},"f":{"0":1,"1":1,"2":1},"b":{}}
,"/home/faust/work/Dishcover/@app/server/src/application/useCases/RegisterUser.ts": {"path":"/home/faust/work/Dishcover/@app/server/src/application/useCases/RegisterUser.ts","statementMap":{"0":{"start":{"line":8,"column":22},"end":{"line":8,"column":65}},"1":{"start":{"line":11,"column":32},"end":{"line":11,"column":37}},"2":{"start":{"line":12,"column":4},"end":{"line":12,"column":null}},"3":{"start":{"line":7,"column":0},"end":{"line":7,"column":13}}},"fnMap":{"0":{"name":"(anonymous_0)","decl":{"start":{"line":8,"column":2},"end":{"line":8,"column":22}},"loc":{"start":{"line":8,"column":65},"end":{"line":8,"column":69}}},"1":{"name":"(anonymous_1)","decl":{"start":{"line":10,"column":2},"end":{"line":10,"column":7}},"loc":{"start":{"line":10,"column":58},"end":{"line":13,"column":3}}}},"branchMap":{},"s":{"0":2,"1":2,"2":2,"3":5},"f":{"0":2,"1":2},"b":{}}
,"/home/faust/work/Dishcover/@app/server/src/application/useCases/UpdateIngredient.ts": {"path":"/home/faust/work/Dishcover/@app/server/src/application/useCases/UpdateIngredient.ts","statementMap":{"0":{"start":{"line":8,"column":22},"end":{"line":8,"column":64}},"1":{"start":{"line":11,"column":23},"end":{"line":11,"column":76}},"2":{"start":{"line":12,"column":4},"end":{"line":12,"column":null}},"3":{"start":{"line":7,"column":0},"end":{"line":7,"column":13}}},"fnMap":{"0":{"name":"(anonymous_0)","decl":{"start":{"line":8,"column":2},"end":{"line":8,"column":22}},"loc":{"start":{"line":8,"column":64},"end":{"line":8,"column":68}}},"1":{"name":"(anonymous_1)","decl":{"start":{"line":10,"column":2},"end":{"line":10,"column":7}},"loc":{"start":{"line":10,"column":41},"end":{"line":13,"column":3}}}},"branchMap":{},"s":{"0":3,"1":3,"2":3,"3":6},"f":{"0":3,"1":3},"b":{}}
,"/home/faust/work/Dishcover/@app/server/src/application/useCases/UpdateRecipe.ts": {"path":"/home/faust/work/Dishcover/@app/server/src/application/useCases/UpdateRecipe.ts","statementMap":{"0":{"start":{"line":3,"column":0},"end":{"line":3,"column":47}},"1":{"start":{"line":9,"column":22},"end":{"line":9,"column":56}},"2":{"start":{"line":12,"column":26},"end":{"line":12,"column":55}},"3":{"start":{"line":13,"column":19},"end":{"line":13,"column":74}},"4":{"start":{"line":14,"column":4},"end":{"line":14,"column":null}},"5":{"start":{"line":8,"column":0},"end":{"line":8,"column":13}}},"fnMap":{"0":{"name":"(anonymous_1)","decl":{"start":{"line":9,"column":2},"end":{"line":9,"column":22}},"loc":{"start":{"line":9,"column":56},"end":{"line":9,"column":60}}},"1":{"name":"(anonymous_2)","decl":{"start":{"line":11,"column":2},"end":{"line":11,"column":7}},"loc":{"start":{"line":11,"column":40},"end":{"line":15,"column":3}}}},"branchMap":{},"s":{"0":4,"1":1,"2":1,"3":1,"4":1,"5":4},"f":{"0":1,"1":1},"b":{}}
,"/home/faust/work/Dishcover/@app/server/src/domain/models/Ingredient.ts": {"path":"/home/faust/work/Dishcover/@app/server/src/domain/models/Ingredient.ts","statementMap":{"0":{"start":{"line":4,"column":0},"end":{"line":4,"column":35}},"1":{"start":{"line":5,"column":0},"end":{"line":5,"column":37}},"2":{"start":{"line":6,"column":0},"end":{"line":6,"column":25}},"3":{"start":{"line":19,"column":2},"end":{"line":19,"column":null}},"4":{"start":{"line":31,"column":4},"end":{"line":31,"column":null}},"5":{"start":{"line":32,"column":4},"end":{"line":32,"column":null}},"6":{"start":{"line":33,"column":4},"end":{"line":33,"column":null}},"7":{"start":{"line":34,"column":4},"end":{"line":34,"column":null}},"8":{"start":{"line":35,"column":4},"end":{"line":35,"column":null}},"9":{"start":{"line":36,"column":4},"end":{"line":36,"column":null}},"10":{"start":{"line":40,"column":4},"end":{"line":48,"column":null}},"11":{"start":{"line":52,"column":4},"end":{"line":57,"column":null}},"12":{"start":{"line":61,"column":4},"end":{"line":67,"column":null}},"13":{"start":{"line":71,"column":4},"end":{"line":80,"column":null}},"14":{"start":{"line":83,"column":4},"end":{"line":92,"column":null}},"15":{"start":{"line":95,"column":4},"end":{"line":97,"column":null}},"16":{"start":{"line":22,"column":0},"end":{"line":22,"column":21}}},"fnMap":{"0":{"name":"isPrismaUser","decl":{"start":{"line":18,"column":9},"end":{"line":18,"column":21}},"loc":{"start":{"line":18,"column":64},"end":{"line":20,"column":1}}},"1":{"name":"(anonymous_2)","decl":{"start":{"line":30,"column":2},"end":{"line":30,"column":14}},"loc":{"start":{"line":30,"column":86},"end":{"line":37,"column":3}}},"2":{"name":"(anonymous_3)","decl":{"start":{"line":39,"column":2},"end":{"line":39,"column":8}},"loc":{"start":{"line":39,"column":61},"end":{"line":49,"column":3}}},"3":{"name":"(anonymous_4)","decl":{"start":{"line":51,"column":2},"end":{"line":51,"column":8}},"loc":{"start":{"line":51,"column":63},"end":{"line":58,"column":3}}},"4":{"name":"(anonymous_5)","decl":{"start":{"line":60,"column":2},"end":{"line":60,"column":12}},"loc":{"start":{"line":60,"column":12},"end":{"line":68,"column":3}}},"5":{"name":"(anonymous_6)","decl":{"start":{"line":70,"column":2},"end":{"line":70,"column":16}},"loc":{"start":{"line":70,"column":16},"end":{"line":81,"column":3}}},"6":{"name":"(anonymous_7)","decl":{"start":{"line":82,"column":2},"end":{"line":82,"column":16}},"loc":{"start":{"line":82,"column":16},"end":{"line":93,"column":3}}},"7":{"name":"(anonymous_8)","decl":{"start":{"line":94,"column":2},"end":{"line":94,"column":16}},"loc":{"start":{"line":94,"column":16},"end":{"line":98,"column":3}}}},"branchMap":{"0":{"loc":{"start":{"line":19,"column":9},"end":{"line":19,"column":49}},"type":"binary-expr","locations":[{"start":{"line":19,"column":9},"end":{"line":19,"column":27}},{"start":{"line":19,"column":31},"end":{"line":19,"column":49}}]},"1":{"loc":{"start":{"line":36,"column":18},"end":{"line":36,"column":73}},"type":"cond-expr","locations":[{"start":{"line":36,"column":41},"end":{"line":36,"column":64}},{"start":{"line":36,"column":67},"end":{"line":36,"column":73}}]},"2":{"loc":{"start":{"line":44,"column":16},"end":{"line":46,"column":19}},"type":"cond-expr","locations":[{"start":{"line":45,"column":10},"end":{"line":45,"column":54}},{"start":{"line":46,"column":10},"end":{"line":46,"column":19}}]},"3":{"loc":{"start":{"line":54,"column":10},"end":{"line":54,"column":85}},"type":"cond-expr","locations":[{"start":{"line":54,"column":47},"end":{"line":54,"column":73}},{"start":{"line":54,"column":76},"end":{"line":54,"column":85}}]},"4":{"loc":{"start":{"line":54,"column":10},"end":{"line":54,"column":44}},"type":"binary-expr","locations":[{"start":{"line":54,"column":10},"end":{"line":54,"column":18}},{"start":{"line":54,"column":22},"end":{"line":54,"column":44}}]}},"s":{"0":19,"1":19,"2":19,"3":41,"4":41,"5":41,"6":41,"7":41,"8":41,"9":41,"10":22,"11":5,"12":33,"13":3,"14":2,"15":0,"16":19},"f":{"0":41,"1":41,"2":22,"3":5,"4":33,"5":3,"6":2,"7":0},"b":{"0":[41,0],"1":[0,41],"2":[22,0],"3":[3,2],"4":[5,3]}}
,"/home/faust/work/Dishcover/@app/server/src/domain/models/Recipe.ts": {"path":"/home/faust/work/Dishcover/@app/server/src/domain/models/Recipe.ts","statementMap":{"0":{"start":{"line":4,"column":0},"end":{"line":4,"column":57}},"1":{"start":{"line":5,"column":0},"end":{"line":5,"column":33}},"2":{"start":{"line":7,"column":0},"end":{"line":7,"column":35}},"3":{"start":{"line":8,"column":0},"end":{"line":8,"column":37}},"4":{"start":{"line":48,"column":4},"end":{"line":48,"column":null}},"5":{"start":{"line":49,"column":4},"end":{"line":49,"column":null}},"6":{"start":{"line":50,"column":4},"end":{"line":50,"column":null}},"7":{"start":{"line":51,"column":4},"end":{"line":51,"column":null}},"8":{"start":{"line":52,"column":4},"end":{"line":52,"column":null}},"9":{"start":{"line":53,"column":4},"end":{"line":53,"column":null}},"10":{"start":{"line":54,"column":4},"end":{"line":54,"column":null}},"11":{"start":{"line":55,"column":4},"end":{"line":55,"column":null}},"12":{"start":{"line":56,"column":4},"end":{"line":56,"column":null}},"13":{"start":{"line":57,"column":4},"end":{"line":57,"column":null}},"14":{"start":{"line":68,"column":4},"end":{"line":79,"column":null}},"15":{"start":{"line":76,"column":61},"end":{"line":76,"column":91}},"16":{"start":{"line":78,"column":78},"end":{"line":78,"column":94}},"17":{"start":{"line":83,"column":4},"end":{"line":103,"column":null}},"18":{"start":{"line":89,"column":23},"end":{"line":89,"column":29}},"19":{"start":{"line":90,"column":20},"end":{"line":90,"column":42}},"20":{"start":{"line":96,"column":10},"end":{"line":101,"column":12}},"21":{"start":{"line":107,"column":4},"end":{"line":118,"column":null}},"22":{"start":{"line":115,"column":59},"end":{"line":115,"column":73}},"23":{"start":{"line":117,"column":63},"end":{"line":117,"column":70}},"24":{"start":{"line":122,"column":4},"end":{"line":134,"column":null}},"25":{"start":{"line":131,"column":50},"end":{"line":131,"column":68}},"26":{"start":{"line":138,"column":36},"end":{"line":138,"column":60}},"27":{"start":{"line":139,"column":40},"end":{"line":139,"column":84}},"28":{"start":{"line":139,"column":78},"end":{"line":139,"column":83}},"29":{"start":{"line":140,"column":4},"end":{"line":168,"column":null}},"30":{"start":{"line":152,"column":54},"end":{"line":152,"column":61}},"31":{"start":{"line":156,"column":10},"end":{"line":164,"column":null}},"32":{"start":{"line":172,"column":4},"end":{"line":174,"column":null}},"33":{"start":{"line":25,"column":0},"end":{"line":25,"column":21}}},"fnMap":{"0":{"name":"(anonymous_1)","decl":{"start":{"line":36,"column":2},"end":{"line":36,"column":14}},"loc":{"start":{"line":47,"column":17},"end":{"line":58,"column":3}}},"1":{"name":"(anonymous_2)","decl":{"start":{"line":60,"column":2},"end":{"line":60,"column":8}},"loc":{"start":{"line":66,"column":5},"end":{"line":80,"column":3}}},"2":{"name":"(anonymous_3)","decl":{"start":{"line":76,"column":54},"end":{"line":76,"column":55}},"loc":{"start":{"line":76,"column":61},"end":{"line":76,"column":91}}},"3":{"name":"(anonymous_4)","decl":{"start":{"line":78,"column":64},"end":{"line":78,"column":65}},"loc":{"start":{"line":78,"column":78},"end":{"line":78,"column":94}}},"4":{"name":"(anonymous_5)","decl":{"start":{"line":82,"column":2},"end":{"line":82,"column":8}},"loc":{"start":{"line":82,"column":69},"end":{"line":104,"column":3}}},"5":{"name":"(anonymous_6)","decl":{"start":{"line":89,"column":16},"end":{"line":89,"column":17}},"loc":{"start":{"line":89,"column":23},"end":{"line":89,"column":29}}},"6":{"name":"(anonymous_7)","decl":{"start":{"line":90,"column":13},"end":{"line":90,"column":14}},"loc":{"start":{"line":90,"column":20},"end":{"line":90,"column":42}}},"7":{"name":"(anonymous_8)","decl":{"start":{"line":95,"column":8},"end":{"line":95,"column":9}},"loc":{"start":{"line":96,"column":10},"end":{"line":101,"column":12}}},"8":{"name":"(anonymous_9)","decl":{"start":{"line":106,"column":2},"end":{"line":106,"column":12}},"loc":{"start":{"line":106,"column":12},"end":{"line":119,"column":3}}},"9":{"name":"(anonymous_10)","decl":{"start":{"line":115,"column":52},"end":{"line":115,"column":53}},"loc":{"start":{"line":115,"column":59},"end":{"line":115,"column":73}}},"10":{"name":"(anonymous_11)","decl":{"start":{"line":117,"column":56},"end":{"line":117,"column":57}},"loc":{"start":{"line":117,"column":63},"end":{"line":117,"column":70}}},"11":{"name":"(anonymous_12)","decl":{"start":{"line":121,"column":2},"end":{"line":121,"column":16}},"loc":{"start":{"line":121,"column":16},"end":{"line":135,"column":3}}},"12":{"name":"(anonymous_13)","decl":{"start":{"line":131,"column":43},"end":{"line":131,"column":44}},"loc":{"start":{"line":131,"column":50},"end":{"line":131,"column":68}}},"13":{"name":"(anonymous_14)","decl":{"start":{"line":137,"column":2},"end":{"line":137,"column":16}},"loc":{"start":{"line":137,"column":16},"end":{"line":169,"column":3}}},"14":{"name":"(anonymous_15)","decl":{"start":{"line":139,"column":71},"end":{"line":139,"column":72}},"loc":{"start":{"line":139,"column":78},"end":{"line":139,"column":83}}},"15":{"name":"(anonymous_16)","decl":{"start":{"line":152,"column":47},"end":{"line":152,"column":48}},"loc":{"start":{"line":152,"column":54},"end":{"line":152,"column":61}}},"16":{"name":"(anonymous_17)","decl":{"start":{"line":155,"column":52},"end":{"line":155,"column":53}},"loc":{"start":{"line":155,"column":59},"end":{"line":165,"column":9}}},"17":{"name":"(anonymous_18)","decl":{"start":{"line":171,"column":2},"end":{"line":171,"column":16}},"loc":{"start":{"line":171,"column":16},"end":{"line":175,"column":3}}}},"branchMap":{},"s":{"0":9,"1":9,"2":9,"3":9,"4":18,"5":18,"6":18,"7":18,"8":18,"9":18,"10":18,"11":18,"12":18,"13":18,"14":9,"15":17,"16":17,"17":5,"18":7,"19":2,"20":7,"21":24,"22":26,"23":26,"24":2,"25":4,"26":2,"27":2,"28":4,"29":2,"30":4,"31":4,"32":0,"33":9},"f":{"0":18,"1":9,"2":17,"3":17,"4":5,"5":7,"6":2,"7":7,"8":24,"9":26,"10":26,"11":2,"12":4,"13":2,"14":4,"15":4,"16":4,"17":0},"b":{}}
,"/home/faust/work/Dishcover/@app/server/src/domain/models/RecipeIngredient.ts": {"path":"/home/faust/work/Dishcover/@app/server/src/domain/models/RecipeIngredient.ts","statementMap":{"0":{"start":{"line":2,"column":0},"end":{"line":2,"column":37}},"1":{"start":{"line":3,"column":0},"end":{"line":3,"column":35}},"2":{"start":{"line":19,"column":4},"end":{"line":19,"column":null}},"3":{"start":{"line":20,"column":4},"end":{"line":20,"column":null}},"4":{"start":{"line":21,"column":4},"end":{"line":21,"column":null}},"5":{"start":{"line":22,"column":4},"end":{"line":22,"column":null}},"6":{"start":{"line":23,"column":4},"end":{"line":23,"column":null}},"7":{"start":{"line":31,"column":4},"end":{"line":37,"column":null}},"8":{"start":{"line":41,"column":4},"end":{"line":47,"column":null}},"9":{"start":{"line":51,"column":4},"end":{"line":54,"column":null}},"10":{"start":{"line":57,"column":4},"end":{"line":59,"column":null}},"11":{"start":{"line":62,"column":4},"end":{"line":64,"column":null}},"12":{"start":{"line":12,"column":0},"end":{"line":12,"column":21}}},"fnMap":{"0":{"name":"(anonymous_1)","decl":{"start":{"line":18,"column":2},"end":{"line":18,"column":14}},"loc":{"start":{"line":18,"column":87},"end":{"line":24,"column":3}}},"1":{"name":"(anonymous_2)","decl":{"start":{"line":26,"column":2},"end":{"line":26,"column":8}},"loc":{"start":{"line":29,"column":5},"end":{"line":38,"column":3}}},"2":{"name":"(anonymous_3)","decl":{"start":{"line":40,"column":2},"end":{"line":40,"column":12}},"loc":{"start":{"line":40,"column":12},"end":{"line":48,"column":3}}},"3":{"name":"(anonymous_4)","decl":{"start":{"line":50,"column":2},"end":{"line":50,"column":16}},"loc":{"start":{"line":50,"column":16},"end":{"line":55,"column":3}}},"4":{"name":"(anonymous_5)","decl":{"start":{"line":56,"column":2},"end":{"line":56,"column":16}},"loc":{"start":{"line":56,"column":16},"end":{"line":60,"column":3}}},"5":{"name":"(anonymous_6)","decl":{"start":{"line":61,"column":2},"end":{"line":61,"column":16}},"loc":{"start":{"line":61,"column":16},"end":{"line":65,"column":3}}}},"branchMap":{},"s":{"0":10,"1":10,"2":31,"3":31,"4":31,"5":31,"6":31,"7":18,"8":26,"9":8,"10":0,"11":0,"12":10},"f":{"0":31,"1":18,"2":26,"3":8,"4":0,"5":0},"b":{}}
,"/home/faust/work/Dishcover/@app/server/src/domain/models/User.ts": {"path":"/home/faust/work/Dishcover/@app/server/src/domain/models/User.ts","statementMap":{"0":{"start":{"line":3,"column":0},"end":{"line":3,"column":41}},"1":{"start":{"line":4,"column":0},"end":{"line":4,"column":35}},"2":{"start":{"line":26,"column":4},"end":{"line":26,"column":null}},"3":{"start":{"line":27,"column":4},"end":{"line":27,"column":null}},"4":{"start":{"line":28,"column":4},"end":{"line":28,"column":null}},"5":{"start":{"line":29,"column":4},"end":{"line":29,"column":null}},"6":{"start":{"line":30,"column":4},"end":{"line":30,"column":null}},"7":{"start":{"line":31,"column":4},"end":{"line":31,"column":null}},"8":{"start":{"line":35,"column":4},"end":{"line":42,"column":null}},"9":{"start":{"line":46,"column":4},"end":{"line":49,"column":null}},"10":{"start":{"line":53,"column":4},"end":{"line":57,"column":null}},"11":{"start":{"line":60,"column":4},"end":{"line":64,"column":null}},"12":{"start":{"line":67,"column":4},"end":{"line":69,"column":null}},"13":{"start":{"line":18,"column":0},"end":{"line":18,"column":21}}},"fnMap":{"0":{"name":"(anonymous_1)","decl":{"start":{"line":25,"column":2},"end":{"line":25,"column":14}},"loc":{"start":{"line":25,"column":73},"end":{"line":32,"column":3}}},"1":{"name":"(anonymous_2)","decl":{"start":{"line":34,"column":2},"end":{"line":34,"column":8}},"loc":{"start":{"line":34,"column":43},"end":{"line":43,"column":3}}},"2":{"name":"(anonymous_3)","decl":{"start":{"line":45,"column":2},"end":{"line":45,"column":12}},"loc":{"start":{"line":45,"column":12},"end":{"line":50,"column":3}}},"3":{"name":"(anonymous_4)","decl":{"start":{"line":52,"column":2},"end":{"line":52,"column":16}},"loc":{"start":{"line":52,"column":16},"end":{"line":58,"column":3}}},"4":{"name":"(anonymous_5)","decl":{"start":{"line":59,"column":2},"end":{"line":59,"column":16}},"loc":{"start":{"line":59,"column":16},"end":{"line":65,"column":3}}},"5":{"name":"(anonymous_6)","decl":{"start":{"line":66,"column":2},"end":{"line":66,"column":16}},"loc":{"start":{"line":66,"column":16},"end":{"line":70,"column":3}}}},"branchMap":{},"s":{"0":26,"1":26,"2":27,"3":27,"4":27,"5":27,"6":27,"7":27,"8":12,"9":14,"10":3,"11":1,"12":1,"13":26},"f":{"0":27,"1":12,"2":14,"3":3,"4":1,"5":1},"b":{}}
,"/home/faust/work/Dishcover/@app/server/src/domain/valueObjects/Email.ts": {"path":"/home/faust/work/Dishcover/@app/server/src/domain/valueObjects/Email.ts","statementMap":{"0":{"start":{"line":1,"column":0},"end":{"line":1,"column":23}},"1":{"start":{"line":6,"column":23},"end":{"line":6,"column":36}},"2":{"start":{"line":4,"column":10},"end":{"line":4,"column":null}},"3":{"start":{"line":7,"column":4},"end":{"line":9,"column":null}},"4":{"start":{"line":8,"column":6},"end":{"line":8,"column":null}},"5":{"start":{"line":13,"column":19},"end":{"line":13,"column":47}},"6":{"start":{"line":14,"column":4},"end":{"line":14,"column":null}},"7":{"start":{"line":3,"column":0},"end":{"line":3,"column":21}}},"fnMap":{"0":{"name":"(anonymous_0)","decl":{"start":{"line":6,"column":2},"end":{"line":6,"column":23}},"loc":{"start":{"line":6,"column":36},"end":{"line":10,"column":3}}},"1":{"name":"(anonymous_1)","decl":{"start":{"line":12,"column":10},"end":{"line":12,"column":17}},"loc":{"start":{"line":12,"column":31},"end":{"line":15,"column":3}}}},"branchMap":{"0":{"loc":{"start":{"line":7,"column":4},"end":{"line":9,"column":null}},"type":"if","locations":[{"start":{"line":7,"column":4},"end":{"line":9,"column":null}}]}},"s":{"0":26,"1":27,"2":27,"3":27,"4":0,"5":27,"6":27,"7":26},"f":{"0":27,"1":27},"b":{"0":[0]}}
,"/home/faust/work/Dishcover/@app/server/src/domain/valueObjects/Id.ts": {"path":"/home/faust/work/Dishcover/@app/server/src/domain/valueObjects/Id.ts","statementMap":{"0":{"start":{"line":1,"column":0},"end":{"line":1,"column":31}},"1":{"start":{"line":2,"column":0},"end":{"line":2,"column":23}},"2":{"start":{"line":6,"column":10},"end":{"line":6,"column":null}},"3":{"start":{"line":6,"column":45},"end":{"line":6,"column":65}},"4":{"start":{"line":8,"column":4},"end":{"line":10,"column":null}},"5":{"start":{"line":9,"column":6},"end":{"line":9,"column":null}},"6":{"start":{"line":11,"column":4},"end":{"line":11,"column":null}},"7":{"start":{"line":15,"column":19},"end":{"line":15,"column":47}},"8":{"start":{"line":16,"column":4},"end":{"line":16,"column":null}},"9":{"start":{"line":20,"column":4},"end":{"line":20,"column":null}},"10":{"start":{"line":4,"column":0},"end":{"line":4,"column":21}}},"fnMap":{"0":{"name":"(anonymous_0)","decl":{"start":{"line":7,"column":2},"end":{"line":7,"column":14}},"loc":{"start":{"line":7,"column":27},"end":{"line":12,"column":3}}},"1":{"name":"(anonymous_1)","decl":{"start":{"line":6,"column":37},"end":{"line":6,"column":38}},"loc":{"start":{"line":6,"column":45},"end":{"line":6,"column":65}}},"2":{"name":"(anonymous_2)","decl":{"start":{"line":14,"column":10},"end":{"line":14,"column":17}},"loc":{"start":{"line":14,"column":31},"end":{"line":17,"column":3}}},"3":{"name":"(anonymous_3)","decl":{"start":{"line":19,"column":2},"end":{"line":19,"column":8}},"loc":{"start":{"line":19,"column":46},"end":{"line":21,"column":3}}}},"branchMap":{"0":{"loc":{"start":{"line":8,"column":4},"end":{"line":10,"column":null}},"type":"if","locations":[{"start":{"line":8,"column":4},"end":{"line":10,"column":null}}]},"1":{"loc":{"start":{"line":20,"column":11},"end":{"line":20,"column":63}},"type":"cond-expr","locations":[{"start":{"line":20,"column":38},"end":{"line":20,"column":51}},{"start":{"line":20,"column":54},"end":{"line":20,"column":63}}]}},"s":{"0":26,"1":26,"2":240,"3":240,"4":240,"5":0,"6":240,"7":240,"8":240,"9":48,"10":26},"f":{"0":240,"1":240,"2":240,"3":48},"b":{"0":[0],"1":[32,16]}}
,"/home/faust/work/Dishcover/@app/server/src/domain/valueObjects/Uri.ts": {"path":"/home/faust/work/Dishcover/@app/server/src/domain/valueObjects/Uri.ts","statementMap":{"0":{"start":{"line":1,"column":0},"end":{"line":1,"column":23}},"1":{"start":{"line":5,"column":10},"end":{"line":5,"column":null}},"2":{"start":{"line":7,"column":4},"end":{"line":9,"column":null}},"3":{"start":{"line":8,"column":6},"end":{"line":8,"column":null}},"4":{"start":{"line":10,"column":4},"end":{"line":10,"column":null}},"5":{"start":{"line":14,"column":19},"end":{"line":14,"column":47}},"6":{"start":{"line":15,"column":4},"end":{"line":15,"column":null}},"7":{"start":{"line":19,"column":4},"end":{"line":19,"column":null}},"8":{"start":{"line":3,"column":0},"end":{"line":3,"column":21}}},"fnMap":{"0":{"name":"(anonymous_0)","decl":{"start":{"line":6,"column":2},"end":{"line":6,"column":14}},"loc":{"start":{"line":6,"column":24},"end":{"line":11,"column":3}}},"1":{"name":"(anonymous_1)","decl":{"start":{"line":13,"column":10},"end":{"line":13,"column":17}},"loc":{"start":{"line":13,"column":31},"end":{"line":16,"column":3}}},"2":{"name":"(anonymous_2)","decl":{"start":{"line":18,"column":2},"end":{"line":18,"column":8}},"loc":{"start":{"line":18,"column":46},"end":{"line":20,"column":3}}}},"branchMap":{"0":{"loc":{"start":{"line":6,"column":14},"end":{"line":6,"column":24}},"type":"default-arg","locations":[{"start":{"line":6,"column":22},"end":{"line":6,"column":24}}]},"1":{"loc":{"start":{"line":7,"column":4},"end":{"line":9,"column":null}},"type":"if","locations":[{"start":{"line":7,"column":4},"end":{"line":9,"column":null}}]},"2":{"loc":{"start":{"line":19,"column":11},"end":{"line":19,"column":84}},"type":"cond-expr","locations":[{"start":{"line":19,"column":58},"end":{"line":19,"column":72}},{"start":{"line":19,"column":75},"end":{"line":19,"column":84}}]},"3":{"loc":{"start":{"line":19,"column":11},"end":{"line":19,"column":55}},"type":"binary-expr","locations":[{"start":{"line":19,"column":11},"end":{"line":19,"column":35}},{"start":{"line":19,"column":39},"end":{"line":19,"column":55}}]}},"s":{"0":19,"1":48,"2":48,"3":0,"4":48,"5":48,"6":48,"7":19,"8":19},"f":{"0":48,"1":48,"2":19},"b":{"0":[0],"1":[0],"2":[12,7],"3":[19,12]}}
,"/home/faust/work/Dishcover/@app/server/src/infrastructure/awilixContainer.ts": {"path":"/home/faust/work/Dishcover/@app/server/src/infrastructure/awilixContainer.ts","statementMap":{"0":{"start":{"line":1,"column":0},"end":{"line":1,"column":45}},"1":{"start":{"line":2,"column":0},"end":{"line":2,"column":32}},"2":{"start":{"line":4,"column":18},"end":{"line":16,"column":4}},"3":{"start":{"line":17,"column":0},"end":{"line":17,"column":null}}},"fnMap":{},"branchMap":{},"s":{"0":2,"1":2,"2":2,"3":2},"f":{},"b":{}}
,"/home/faust/work/Dishcover/@app/server/src/infrastructure/configuration.ts": {"path":"/home/faust/work/Dishcover/@app/server/src/infrastructure/configuration.ts","statementMap":{"0":{"start":{"line":1,"column":0},"end":{"line":1,"column":32}},"1":{"start":{"line":2,"column":0},"end":{"line":2,"column":null}},"2":{"start":{"line":4,"column":13},"end":{"line":4,"column":null}},"3":{"start":{"line":5,"column":13},"end":{"line":5,"column":null}}},"fnMap":{},"branchMap":{"0":{"loc":{"start":{"line":4,"column":20},"end":{"line":4,"column":54}},"type":"binary-expr","locations":[{"start":{"line":4,"column":20},"end":{"line":4,"column":46}},{"start":{"line":4,"column":50},"end":{"line":4,"column":54}}]},"1":{"loc":{"start":{"line":5,"column":27},"end":{"line":5,"column":57}},"type":"binary-expr","locations":[{"start":{"line":5,"column":27},"end":{"line":5,"column":51}},{"start":{"line":5,"column":55},"end":{"line":5,"column":57}}]}},"s":{"0":10,"1":10,"2":10,"3":10},"f":{},"b":{"0":[10,3],"1":[10,3]}}
,"/home/faust/work/Dishcover/@app/server/src/infrastructure/corsOrigin.ts": {"path":"/home/faust/work/Dishcover/@app/server/src/infrastructure/corsOrigin.ts","statementMap":{"0":{"start":{"line":3,"column":38},"end":{"line":15,"column":1}},"1":{"start":{"line":7,"column":2},"end":{"line":13,"column":null}},"2":{"start":{"line":8,"column":18},"end":{"line":8,"column":52}},"3":{"start":{"line":9,"column":4},"end":{"line":12,"column":null}},"4":{"start":{"line":10,"column":6},"end":{"line":10,"column":null}},"5":{"start":{"line":11,"column":6},"end":{"line":11,"column":12}},"6":{"start":{"line":14,"column":2},"end":{"line":14,"column":null}},"7":{"start":{"line":3,"column":13},"end":{"line":3,"column":38}}},"fnMap":{"0":{"name":"(anonymous_0)","decl":{"start":{"line":3,"column":38},"end":{"line":3,"column":null}},"loc":{"start":{"line":6,"column":4},"end":{"line":15,"column":1}}}},"branchMap":{"0":{"loc":{"start":{"line":7,"column":2},"end":{"line":13,"column":null}},"type":"if","locations":[{"start":{"line":7,"column":2},"end":{"line":13,"column":null}}]},"1":{"loc":{"start":{"line":9,"column":4},"end":{"line":12,"column":null}},"type":"if","locations":[{"start":{"line":9,"column":4},"end":{"line":12,"column":null}}]},"2":{"loc":{"start":{"line":9,"column":8},"end":{"line":9,"column":50}},"type":"binary-expr","locations":[{"start":{"line":9,"column":8},"end":{"line":9,"column":21}},{"start":{"line":9,"column":25},"end":{"line":9,"column":50}}]}},"s":{"0":2,"1":13,"2":12,"3":12,"4":11,"5":11,"6":2,"7":2},"f":{"0":13},"b":{"0":[12],"1":[11],"2":[12,12]}}
,"/home/faust/work/Dishcover/@app/server/src/infrastructure/expressServer.ts": {"path":"/home/faust/work/Dishcover/@app/server/src/infrastructure/expressServer.ts","statementMap":{"0":{"start":{"line":1,"column":0},"end":{"line":1,"column":36}},"1":{"start":{"line":2,"column":0},"end":{"line":2,"column":23}},"2":{"start":{"line":3,"column":0},"end":{"line":3,"column":42}},"3":{"start":{"line":4,"column":0},"end":{"line":4,"column":27}},"4":{"start":{"line":10,"column":0},"end":{"line":10,"column":39}},"5":{"start":{"line":11,"column":0},"end":{"line":11,"column":53}},"6":{"start":{"line":12,"column":0},"end":{"line":12,"column":76}},"7":{"start":{"line":13,"column":0},"end":{"line":13,"column":64}},"8":{"start":{"line":14,"column":0},"end":{"line":14,"column":70}},"9":{"start":{"line":15,"column":0},"end":{"line":15,"column":56}},"10":{"start":{"line":21,"column":2},"end":{"line":23,"column":null}},"11":{"start":{"line":25,"column":4},"end":{"line":25,"column":null}},"12":{"start":{"line":26,"column":63},"end":{"line":27,"column":null}},"13":{"start":{"line":29,"column":47},"end":{"line":29,"column":90}},"14":{"start":{"line":32,"column":6},"end":{"line":32,"column":53}},"15":{"start":{"line":33,"column":4},"end":{"line":33,"column":null}},"16":{"start":{"line":35,"column":4},"end":{"line":35,"column":null}},"17":{"start":{"line":37,"column":4},"end":{"line":37,"column":null}},"18":{"start":{"line":38,"column":4},"end":{"line":38,"column":null}},"19":{"start":{"line":39,"column":4},"end":{"line":39,"column":null}},"20":{"start":{"line":41,"column":4},"end":{"line":49,"column":null}},"21":{"start":{"line":42,"column":6},"end":{"line":48,"column":null}},"22":{"start":{"line":43,"column":21},"end":{"line":43,"column":67}},"23":{"start":{"line":44,"column":8},"end":{"line":44,"column":null}},"24":{"start":{"line":45,"column":8},"end":{"line":45,"column":null}},"25":{"start":{"line":47,"column":8},"end":{"line":47,"column":null}},"26":{"start":{"line":51,"column":4},"end":{"line":59,"column":null}},"27":{"start":{"line":52,"column":6},"end":{"line":58,"column":null}},"28":{"start":{"line":53,"column":21},"end":{"line":53,"column":70}},"29":{"start":{"line":54,"column":8},"end":{"line":54,"column":null}},"30":{"start":{"line":55,"column":8},"end":{"line":55,"column":null}},"31":{"start":{"line":57,"column":8},"end":{"line":57,"column":null}},"32":{"start":{"line":61,"column":4},"end":{"line":70,"column":null}},"33":{"start":{"line":62,"column":6},"end":{"line":69,"column":null}},"34":{"start":{"line":63,"column":21},"end":{"line":63,"column":66}},"35":{"start":{"line":64,"column":8},"end":{"line":64,"column":null}},"36":{"start":{"line":65,"column":8},"end":{"line":65,"column":null}},"37":{"start":{"line":66,"column":8},"end":{"line":66,"column":null}},"38":{"start":{"line":68,"column":8},"end":{"line":68,"column":null}},"39":{"start":{"line":72,"column":4},"end":{"line":80,"column":null}},"40":{"start":{"line":73,"column":6},"end":{"line":79,"column":null}},"41":{"start":{"line":74,"column":21},"end":{"line":74,"column":66}},"42":{"start":{"line":75,"column":8},"end":{"line":75,"column":null}},"43":{"start":{"line":76,"column":8},"end":{"line":76,"column":null}},"44":{"start":{"line":78,"column":8},"end":{"line":78,"column":null}},"45":{"start":{"line":82,"column":4},"end":{"line":89,"column":null}},"46":{"start":{"line":83,"column":6},"end":{"line":88,"column":null}},"47":{"start":{"line":84,"column":8},"end":{"line":84,"column":null}},"48":{"start":{"line":85,"column":8},"end":{"line":85,"column":null}},"49":{"start":{"line":87,"column":8},"end":{"line":87,"column":null}},"50":{"start":{"line":91,"column":4},"end":{"line":101,"column":null}},"51":{"start":{"line":92,"column":6},"end":{"line":100,"column":null}},"52":{"start":{"line":93,"column":21},"end":{"line":95,"column":10}},"53":{"start":{"line":96,"column":8},"end":{"line":96,"column":null}},"54":{"start":{"line":97,"column":8},"end":{"line":97,"column":null}},"55":{"start":{"line":99,"column":8},"end":{"line":99,"column":null}},"56":{"start":{"line":103,"column":4},"end":{"line":111,"column":null}},"57":{"start":{"line":104,"column":6},"end":{"line":110,"column":null}},"58":{"start":{"line":105,"column":21},"end":{"line":105,"column":57}},"59":{"start":{"line":106,"column":8},"end":{"line":106,"column":null}},"60":{"start":{"line":107,"column":8},"end":{"line":107,"column":null}},"61":{"start":{"line":109,"column":8},"end":{"line":109,"column":null}},"62":{"start":{"line":113,"column":4},"end":{"line":121,"column":null}},"63":{"start":{"line":114,"column":6},"end":{"line":120,"column":null}},"64":{"start":{"line":115,"column":21},"end":{"line":115,"column":61}},"65":{"start":{"line":116,"column":8},"end":{"line":116,"column":null}},"66":{"start":{"line":117,"column":8},"end":{"line":117,"column":null}},"67":{"start":{"line":119,"column":8},"end":{"line":119,"column":null}},"68":{"start":{"line":123,"column":4},"end":{"line":131,"column":null}},"69":{"start":{"line":124,"column":6},"end":{"line":130,"column":null}},"70":{"start":{"line":125,"column":21},"end":{"line":125,"column":74}},"71":{"start":{"line":126,"column":8},"end":{"line":126,"column":null}},"72":{"start":{"line":127,"column":8},"end":{"line":127,"column":null}},"73":{"start":{"line":129,"column":8},"end":{"line":129,"column":null}},"74":{"start":{"line":133,"column":4},"end":{"line":141,"column":null}},"75":{"start":{"line":134,"column":6},"end":{"line":140,"column":null}},"76":{"start":{"line":135,"column":21},"end":{"line":135,"column":74}},"77":{"start":{"line":136,"column":8},"end":{"line":136,"column":null}},"78":{"start":{"line":137,"column":8},"end":{"line":137,"column":null}},"79":{"start":{"line":139,"column":8},"end":{"line":139,"column":null}},"80":{"start":{"line":143,"column":4},"end":{"line":143,"column":null}},"81":{"start":{"line":146,"column":4},"end":{"line":148,"column":null}},"82":{"start":{"line":147,"column":6},"end":{"line":147,"column":null}},"83":{"start":{"line":19,"column":0},"end":{"line":19,"column":13}}},"fnMap":{"0":{"name":"(anonymous_7)","decl":{"start":{"line":24,"column":2},"end":{"line":24,"column":14}},"loc":{"start":{"line":24,"column":46},"end":{"line":144,"column":3}}},"1":{"name":"(anonymous_8)","decl":{"start":{"line":41,"column":43},"end":{"line":41,"column":48}},"loc":{"start":{"line":41,"column":68},"end":{"line":49,"column":5}}},"2":{"name":"(anonymous_9)","decl":{"start":{"line":51,"column":46},"end":{"line":51,"column":51}},"loc":{"start":{"line":51,"column":71},"end":{"line":59,"column":5}}},"3":{"name":"(anonymous_10)","decl":{"start":{"line":61,"column":53},"end":{"line":61,"column":58}},"loc":{"start":{"line":61,"column":78},"end":{"line":70,"column":5}}},"4":{"name":"(anonymous_11)","decl":{"start":{"line":72,"column":54},"end":{"line":72,"column":59}},"loc":{"start":{"line":72,"column":79},"end":{"line":80,"column":5}}},"5":{"name":"(anonymous_12)","decl":{"start":{"line":82,"column":55},"end":{"line":82,"column":60}},"loc":{"start":{"line":82,"column":80},"end":{"line":89,"column":5}}},"6":{"name":"(anonymous_13)","decl":{"start":{"line":91,"column":61},"end":{"line":91,"column":66}},"loc":{"start":{"line":91,"column":86},"end":{"line":101,"column":5}}},"7":{"name":"(anonymous_14)","decl":{"start":{"line":103,"column":45},"end":{"line":103,"column":50}},"loc":{"start":{"line":103,"column":70},"end":{"line":111,"column":5}}},"8":{"name":"(anonymous_15)","decl":{"start":{"line":113,"column":39},"end":{"line":113,"column":44}},"loc":{"start":{"line":113,"column":64},"end":{"line":121,"column":5}}},"9":{"name":"(anonymous_16)","decl":{"start":{"line":123,"column":57},"end":{"line":123,"column":62}},"loc":{"start":{"line":123,"column":82},"end":{"line":131,"column":5}}},"10":{"name":"(anonymous_17)","decl":{"start":{"line":133,"column":59},"end":{"line":133,"column":64}},"loc":{"start":{"line":133,"column":84},"end":{"line":141,"column":5}}},"11":{"name":"(anonymous_18)","decl":{"start":{"line":145,"column":2},"end":{"line":145,"column":7}},"loc":{"start":{"line":145,"column":21},"end":{"line":149,"column":3}}},"12":{"name":"(anonymous_19)","decl":{"start":{"line":146,"column":39},"end":{"line":146,"column":42}},"loc":{"start":{"line":146,"column":44},"end":{"line":148,"column":5}}}},"branchMap":{"0":{"loc":{"start":{"line":146,"column":20},"end":{"line":146,"column":37}},"type":"binary-expr","locations":[{"start":{"line":146,"column":20},"end":{"line":146,"column":24}},{"start":{"line":146,"column":28},"end":{"line":146,"column":37}}]}},"s":{"0":1,"1":1,"2":1,"3":1,"4":1,"5":1,"6":1,"7":1,"8":1,"9":1,"10":10,"11":10,"12":10,"13":10,"14":10,"15":10,"16":10,"17":10,"18":10,"19":10,"20":10,"21":1,"22":1,"23":1,"24":1,"25":0,"26":10,"27":1,"28":1,"29":1,"30":1,"31":0,"32":10,"33":1,"34":1,"35":1,"36":1,"37":1,"38":0,"39":10,"40":1,"41":1,"42":1,"43":1,"44":0,"45":10,"46":1,"47":1,"48":1,"49":0,"50":10,"51":1,"52":1,"53":1,"54":1,"55":0,"56":10,"57":1,"58":1,"59":1,"60":1,"61":0,"62":10,"63":1,"64":1,"65":1,"66":1,"67":0,"68":10,"69":1,"70":1,"71":1,"72":1,"73":0,"74":10,"75":1,"76":1,"77":1,"78":1,"79":0,"80":10,"81":0,"82":0,"83":1},"f":{"0":10,"1":1,"2":1,"3":1,"4":1,"5":1,"6":1,"7":1,"8":1,"9":1,"10":1,"11":0,"12":0},"b":{"0":[0,0]}}
,"/home/faust/work/Dishcover/@app/server/src/infrastructure/start.ts": {"path":"/home/faust/work/Dishcover/@app/server/src/infrastructure/start.ts","statementMap":{"0":{"start":{"line":1,"column":0},"end":{"line":1,"column":52}},"1":{"start":{"line":2,"column":0},"end":{"line":2,"column":41}},"2":{"start":{"line":3,"column":0},"end":{"line":3,"column":null}}},"fnMap":{},"branchMap":{},"s":{"0":0,"1":0,"2":0},"f":{},"b":{}}
,"/home/faust/work/Dishcover/@app/server/src/infrastructure/expressMiddlewares/apiKeyVerification.ts": {"path":"/home/faust/work/Dishcover/@app/server/src/infrastructure/expressMiddlewares/apiKeyVerification.ts","statementMap":{"0":{"start":{"line":3,"column":0},"end":{"line":3,"column":41}},"1":{"start":{"line":5,"column":50},"end":{"line":14,"column":1}},"2":{"start":{"line":6,"column":17},"end":{"line":6,"column":41}},"3":{"start":{"line":7,"column":2},"end":{"line":9,"column":null}},"4":{"start":{"line":8,"column":4},"end":{"line":8,"column":null}},"5":{"start":{"line":10,"column":2},"end":{"line":12,"column":null}},"6":{"start":{"line":10,"column":30},"end":{"line":10,"column":50}},"7":{"start":{"line":11,"column":4},"end":{"line":11,"column":null}},"8":{"start":{"line":13,"column":2},"end":{"line":13,"column":null}},"9":{"start":{"line":5,"column":13},"end":{"line":5,"column":50}}},"fnMap":{"0":{"name":"(anonymous_1)","decl":{"start":{"line":5,"column":50},"end":{"line":5,"column":51}},"loc":{"start":{"line":5,"column":69},"end":{"line":14,"column":1}}},"1":{"name":"(anonymous_2)","decl":{"start":{"line":10,"column":19},"end":{"line":10,"column":20}},"loc":{"start":{"line":10,"column":30},"end":{"line":10,"column":50}}}},"branchMap":{"0":{"loc":{"start":{"line":7,"column":2},"end":{"line":9,"column":null}},"type":"if","locations":[{"start":{"line":7,"column":2},"end":{"line":9,"column":null}}]},"1":{"loc":{"start":{"line":10,"column":2},"end":{"line":12,"column":null}},"type":"if","locations":[{"start":{"line":10,"column":2},"end":{"line":12,"column":null}}]}},"s":{"0":2,"1":2,"2":13,"3":13,"4":1,"5":12,"6":12,"7":11,"8":1,"9":2},"f":{"0":13,"1":12},"b":{"0":[1],"1":[11]}}
,"/home/faust/work/Dishcover/@app/server/src/infrastructure/expressMiddlewares/errorHandler.ts": {"path":"/home/faust/work/Dishcover/@app/server/src/infrastructure/expressMiddlewares/errorHandler.ts","statementMap":{"0":{"start":{"line":3,"column":49},"end":{"line":10,"column":1}},"1":{"start":{"line":4,"column":2},"end":{"line":4,"column":null}},"2":{"start":{"line":5,"column":2},"end":{"line":7,"column":null}},"3":{"start":{"line":6,"column":4},"end":{"line":6,"column":null}},"4":{"start":{"line":8,"column":2},"end":{"line":8,"column":null}},"5":{"start":{"line":9,"column":2},"end":{"line":9,"column":null}},"6":{"start":{"line":3,"column":13},"end":{"line":3,"column":49}}},"fnMap":{"0":{"name":"(anonymous_0)","decl":{"start":{"line":3,"column":49},"end":{"line":3,"column":50}},"loc":{"start":{"line":3,"column":73},"end":{"line":10,"column":1}}}},"branchMap":{"0":{"loc":{"start":{"line":5,"column":2},"end":{"line":7,"column":null}},"type":"if","locations":[{"start":{"line":5,"column":2},"end":{"line":7,"column":null}}]},"1":{"loc":{"start":{"line":8,"column":13},"end":{"line":8,"column":30}},"type":"binary-expr","locations":[{"start":{"line":8,"column":13},"end":{"line":8,"column":23}},{"start":{"line":8,"column":27},"end":{"line":8,"column":30}}]}},"s":{"0":2,"1":2,"2":2,"3":1,"4":1,"5":1,"6":2},"f":{"0":2},"b":{"0":[1],"1":[1,1]}}
,"/home/faust/work/Dishcover/@app/server/src/infrastructure/expressMiddlewares/jwtVerification.ts": {"path":"/home/faust/work/Dishcover/@app/server/src/infrastructure/expressMiddlewares/jwtVerification.ts","statementMap":{"0":{"start":{"line":2,"column":0},"end":{"line":2,"column":30}},"1":{"start":{"line":3,"column":0},"end":{"line":3,"column":23}},"2":{"start":{"line":5,"column":0},"end":{"line":5,"column":46}},"3":{"start":{"line":7,"column":27},"end":{"line":11,"column":2}},"4":{"start":{"line":13,"column":47},"end":{"line":27,"column":1}},"5":{"start":{"line":14,"column":16},"end":{"line":14,"column":55}},"6":{"start":{"line":16,"column":2},"end":{"line":18,"column":null}},"7":{"start":{"line":17,"column":4},"end":{"line":17,"column":null}},"8":{"start":{"line":19,"column":2},"end":{"line":26,"column":null}},"9":{"start":{"line":20,"column":20},"end":{"line":20,"column":50}},"10":{"start":{"line":21,"column":20},"end":{"line":21,"column":53}},"11":{"start":{"line":22,"column":4},"end":{"line":22,"column":null}},"12":{"start":{"line":23,"column":4},"end":{"line":23,"column":null}},"13":{"start":{"line":25,"column":4},"end":{"line":25,"column":null}},"14":{"start":{"line":13,"column":13},"end":{"line":13,"column":47}}},"fnMap":{"0":{"name":"(anonymous_1)","decl":{"start":{"line":13,"column":47},"end":{"line":13,"column":48}},"loc":{"start":{"line":13,"column":66},"end":{"line":27,"column":1}}}},"branchMap":{"0":{"loc":{"start":{"line":16,"column":2},"end":{"line":18,"column":null}},"type":"if","locations":[{"start":{"line":16,"column":2},"end":{"line":18,"column":null}}]}},"s":{"0":2,"1":2,"2":2,"3":2,"4":2,"5":9,"6":9,"7":1,"8":8,"9":8,"10":7,"11":7,"12":7,"13":1,"14":2},"f":{"0":9},"b":{"0":[1]}}
,"/home/faust/work/Dishcover/@app/server/src/infrastructure/expressMiddlewares/logRequest.ts": {"path":"/home/faust/work/Dishcover/@app/server/src/infrastructure/expressMiddlewares/logRequest.ts","statementMap":{"0":{"start":{"line":3,"column":0},"end":{"line":12,"column":null}},"1":{"start":{"line":4,"column":2},"end":{"line":4,"column":null}},"2":{"start":{"line":5,"column":2},"end":{"line":5,"column":null}},"3":{"start":{"line":6,"column":2},"end":{"line":6,"column":null}},"4":{"start":{"line":7,"column":2},"end":{"line":7,"column":null}},"5":{"start":{"line":8,"column":2},"end":{"line":8,"column":null}},"6":{"start":{"line":9,"column":2},"end":{"line":9,"column":null}},"7":{"start":{"line":10,"column":2},"end":{"line":10,"column":null}},"8":{"start":{"line":11,"column":2},"end":{"line":11,"column":null}}},"fnMap":{"0":{"name":"(anonymous_0)","decl":{"start":{"line":3,"column":15},"end":{"line":3,"column":16}},"loc":{"start":{"line":3,"column":67},"end":{"line":12,"column":1}}}},"branchMap":{},"s":{"0":2,"1":11,"2":11,"3":11,"4":11,"5":11,"6":11,"7":11,"8":11},"f":{"0":11},"b":{}}
,"/home/faust/work/Dishcover/@app/server/src/infrastructure/scripts/loadFixtures.ts": {"path":"/home/faust/work/Dishcover/@app/server/src/infrastructure/scripts/loadFixtures.ts","statementMap":{"0":{"start":{"line":1,"column":0},"end":{"line":1,"column":59}},"1":{"start":{"line":4,"column":2},"end":{"line":6,"column":null}},"2":{"start":{"line":5,"column":4},"end":{"line":5,"column":null}},"3":{"start":{"line":9,"column":13},"end":{"line":82,"column":1}},"4":{"start":{"line":10,"column":17},"end":{"line":10,"column":35}},"5":{"start":{"line":12,"column":16},"end":{"line":12,"column":18}},"6":{"start":{"line":13,"column":2},"end":{"line":23,"column":null}},"7":{"start":{"line":13,"column":19},"end":{"line":13,"column":20}},"8":{"start":{"line":14,"column":4},"end":{"line":22,"column":null}},"9":{"start":{"line":25,"column":81},"end":{"line":27,"column":69}},"10":{"start":{"line":29,"column":2},"end":{"line":81,"column":null}},"11":{"start":{"line":29,"column":19},"end":{"line":29,"column":20}},"12":{"start":{"line":30,"column":4},"end":{"line":30,"column":null}},"13":{"start":{"line":32,"column":4},"end":{"line":38,"column":null}},"14":{"start":{"line":33,"column":6},"end":{"line":33,"column":null}},"15":{"start":{"line":34,"column":11},"end":{"line":38,"column":null}},"16":{"start":{"line":35,"column":6},"end":{"line":35,"column":null}},"17":{"start":{"line":37,"column":6},"end":{"line":37,"column":null}},"18":{"start":{"line":39,"column":16},"end":{"line":39,"column":67}},"19":{"start":{"line":40,"column":21},"end":{"line":40,"column":37}},"20":{"start":{"line":41,"column":24},"end":{"line":41,"column":45}},"21":{"start":{"line":45,"column":17},"end":{"line":45,"column":36}},"22":{"start":{"line":46,"column":4},"end":{"line":80,"column":22}},"23":{"start":{"line":47,"column":6},"end":{"line":79,"column":null}},"24":{"start":{"line":53,"column":29},"end":{"line":53,"column":81}},"25":{"start":{"line":54,"column":27},"end":{"line":70,"column":16}},"26":{"start":{"line":64,"column":60},"end":{"line":64,"column":87}},"27":{"start":{"line":84,"column":0},"end":{"line":84,"column":null}}},"fnMap":{"0":{"name":"sleep","decl":{"start":{"line":3,"column":9},"end":{"line":3,"column":14}},"loc":{"start":{"line":3,"column":25},"end":{"line":7,"column":1}}},"1":{"name":"(anonymous_1)","decl":{"start":{"line":4,"column":21},"end":{"line":4,"column":22}},"loc":{"start":{"line":4,"column":33},"end":{"line":6,"column":3}}},"2":{"name":"(anonymous_2)","decl":{"start":{"line":9,"column":13},"end":{"line":9,"column":18}},"loc":{"start":{"line":9,"column":24},"end":{"line":82,"column":1}}},"3":{"name":"(anonymous_3)","decl":{"start":{"line":53,"column":22},"end":{"line":53,"column":23}},"loc":{"start":{"line":53,"column":29},"end":{"line":53,"column":81}}},"4":{"name":"(anonymous_4)","decl":{"start":{"line":54,"column":19},"end":{"line":54,"column":20}},"loc":{"start":{"line":54,"column":27},"end":{"line":70,"column":16}}},"5":{"name":"(anonymous_5)","decl":{"start":{"line":64,"column":53},"end":{"line":64,"column":54}},"loc":{"start":{"line":64,"column":60},"end":{"line":64,"column":87}}}},"branchMap":{"0":{"loc":{"start":{"line":32,"column":4},"end":{"line":38,"column":null}},"type":"if","locations":[{"start":{"line":32,"column":4},"end":{"line":38,"column":null}},{"start":{"line":34,"column":11},"end":{"line":38,"column":null}}]},"1":{"loc":{"start":{"line":34,"column":11},"end":{"line":38,"column":null}},"type":"if","locations":[{"start":{"line":34,"column":11},"end":{"line":38,"column":null}},{"start":{"line":36,"column":11},"end":{"line":38,"column":null}}]},"2":{"loc":{"start":{"line":34,"column":15},"end":{"line":34,"column":40}},"type":"binary-expr","locations":[{"start":{"line":34,"column":15},"end":{"line":34,"column":25}},{"start":{"line":34,"column":29},"end":{"line":34,"column":40}}]},"3":{"loc":{"start":{"line":53,"column":29},"end":{"line":53,"column":81}},"type":"binary-expr","locations":[{"start":{"line":53,"column":29},"end":{"line":53,"column":58}},{"start":{"line":53,"column":62},"end":{"line":53,"column":81}}]}},"s":{"0":0,"1":0,"2":0,"3":0,"4":0,"5":0,"6":0,"7":0,"8":0,"9":0,"10":0,"11":0,"12":0,"13":0,"14":0,"15":0,"16":0,"17":0,"18":0,"19":0,"20":0,"21":0,"22":0,"23":0,"24":0,"25":0,"26":0,"27":0},"f":{"0":0,"1":0,"2":0,"3":0,"4":0,"5":0},"b":{"0":[0,0],"1":[0,0],"2":[0,0],"3":[0,0]}}
,"/home/faust/work/Dishcover/@app/server/src/infrastructure/security/apiKeys.ts": {"path":"/home/faust/work/Dishcover/@app/server/src/infrastructure/security/apiKeys.ts","statementMap":{"0":{"start":{"line":1,"column":0},"end":{"line":6,"column":null}}},"fnMap":{},"branchMap":{},"s":{"0":3},"f":{},"b":{}}
}
