TN:
SF:src/application/controllers/AuthenticationController.ts
FN:14,(anonymous_1)
FN:20,(anonymous_2)
FN:32,(anonymous_3)
FNF:3
FNH:3
FNDA:2,(anonymous_1)
FNDA:1,(anonymous_2)
FNDA:1,(anonymous_3)
DA:1,3
DA:6,3
DA:10,3
DA:11,3
DA:13,3
DA:15,2
DA:16,2
DA:17,2
DA:21,1
DA:22,1
DA:23,1
DA:24,1
DA:25,1
DA:29,1
DA:33,1
DA:34,1
DA:35,0
DA:37,1
DA:38,1
DA:40,1
DA:44,1
LF:21
LH:20
BRDA:22,0,0,0
BRDA:34,1,0,0
BRF:2
BRH:0
end_of_record
TN:
SF:src/application/controllers/IngredientController.ts
FN:16,(anonymous_1)
FN:18,(anonymous_2)
FN:25,(anonymous_3)
FN:33,(anonymous_4)
FN:41,(anonymous_5)
FNF:5
FNH:5
FNDA:1,(anonymous_1)
FNDA:1,(anonymous_2)
FNDA:1,(anonymous_3)
FNDA:1,(anonymous_4)
FNDA:1,(anonymous_5)
DA:1,3
DA:7,3
DA:8,3
DA:10,3
DA:11,3
DA:12,3
DA:13,3
DA:15,3
DA:16,1
DA:19,1
DA:20,1
DA:22,1
DA:26,1
DA:27,1
DA:28,1
DA:29,1
DA:30,1
DA:34,1
DA:35,1
DA:36,1
DA:37,1
DA:38,1
DA:42,1
DA:43,1
DA:44,1
DA:45,1
DA:47,1
LF:27
LH:27
BRDA:27,0,0,0
BRDA:35,1,0,0
BRDA:43,2,0,0
BRF:3
BRH:0
end_of_record
TN:
SF:src/application/controllers/RecipeController.ts
FN:16,(anonymous_1)
FN:18,(anonymous_2)
FN:26,(anonymous_3)
FN:32,(anonymous_4)
FN:40,(anonymous_5)
FN:47,(anonymous_6)
FNF:6
FNH:6
FNDA:1,(anonymous_1)
FNDA:1,(anonymous_2)
FNDA:1,(anonymous_3)
FNDA:1,(anonymous_4)
FNDA:1,(anonymous_5)
FNDA:1,(anonymous_6)
DA:1,3
DA:2,3
DA:3,3
DA:4,3
DA:7,3
DA:9,3
DA:10,3
DA:11,3
DA:12,3
DA:13,3
DA:15,3
DA:16,1
DA:19,1
DA:20,1
DA:21,1
DA:22,1
DA:23,1
DA:27,1
DA:28,1
DA:29,1
DA:33,1
DA:34,1
DA:35,1
DA:36,1
DA:37,1
DA:41,1
DA:42,1
DA:43,1
DA:44,1
DA:48,1
DA:49,1
DA:50,1
DA:51,1
DA:52,1
LF:34
LH:34
BRDA:20,0,0,0
BRDA:34,1,0,0
BRDA:42,2,0,0
BRDA:49,3,0,0
BRF:4
BRH:0
end_of_record
TN:
SF:src/application/errors/UniqueConstraintError.ts
FN:9,(anonymous_0)
FNF:1
FNH:1
FNDA:6,(anonymous_0)
DA:5,8
DA:6,6
DA:10,6
DA:11,6
DA:12,6
DA:18,6
LF:6
LH:6
BRF:0
BRH:0
end_of_record
TN:
SF:src/application/errors/ValidationError.ts
FN:9,(anonymous_0)
FN:13,(anonymous_1)
FNF:2
FNH:2
FNDA:1,(anonymous_0)
FNDA:2,(anonymous_1)
DA:5,9
DA:6,1
DA:10,1
DA:11,1
DA:13,2
DA:17,1
LF:6
LH:6
BRF:0
BRH:0
end_of_record
TN:
SF:src/application/errors/WrongEmailPasswordComboError.ts
FN:11,(anonymous_0)
FNF:1
FNH:1
FNDA:3,(anonymous_0)
DA:4,5
DA:9,3
DA:12,3
DA:13,3
DA:19,3
LF:5
LH:5
BRF:0
BRH:0
end_of_record
TN:
SF:src/application/repositories/IngredientRepository.ts
FN:8,(anonymous_1)
FN:10,(anonymous_2)
FN:12,(anonymous_3)
FN:15,(anonymous_4)
FN:23,(anonymous_5)
FN:39,(anonymous_6)
FNF:6
FNH:6
FNDA:2,(anonymous_1)
FNDA:1,(anonymous_2)
FNDA:1,(anonymous_3)
FNDA:1,(anonymous_4)
FNDA:2,(anonymous_5)
FNDA:2,(anonymous_6)
DA:1,4
DA:3,4
DA:5,4
DA:7,4
DA:8,2
DA:11,1
DA:12,1
DA:16,1
DA:24,2
DA:25,2
DA:28,1
DA:30,1
DA:31,1
DA:32,1
DA:35,0
DA:40,2
DA:41,2
DA:45,1
DA:47,1
DA:48,1
DA:49,1
DA:52,0
LF:22
LH:20
BRDA:30,0,0,1
BRDA:31,1,0,1
BRDA:47,2,0,1
BRDA:48,3,0,1
BRF:4
BRH:4
end_of_record
TN:
SF:src/application/repositories/RecipeRepository.ts
FN:8,(anonymous_1)
FN:9,(anonymous_2)
FN:21,(anonymous_3)
FN:24,(anonymous_4)
FN:38,(anonymous_5)
FN:41,(anonymous_6)
FN:65,(anonymous_7)
FN:73,(anonymous_8)
FNF:8
FNH:8
FNDA:2,(anonymous_1)
FNDA:1,(anonymous_2)
FNDA:1,(anonymous_3)
FNDA:1,(anonymous_4)
FNDA:1,(anonymous_5)
FNDA:2,(anonymous_6)
FNDA:1,(anonymous_7)
FNDA:2,(anonymous_8)
DA:1,4
DA:3,4
DA:5,4
DA:7,4
DA:8,2
DA:10,1
DA:21,1
DA:25,1
DA:38,1
DA:42,2
DA:43,2
DA:54,1
DA:56,1
DA:57,1
DA:58,1
DA:61,0
DA:66,1
DA:74,2
DA:75,2
DA:89,1
DA:91,1
DA:92,1
DA:93,1
DA:96,0
LF:24
LH:22
BRDA:56,0,0,1
BRDA:57,1,0,1
BRDA:91,2,0,1
BRDA:92,3,0,1
BRF:4
BRH:4
end_of_record
TN:
SF:src/application/repositories/UserRepository.ts
FN:8,(anonymous_1)
FN:10,(anonymous_2)
FN:19,(anonymous_3)
FNF:3
FNH:3
FNDA:4,(anonymous_1)
FNDA:2,(anonymous_2)
FNDA:2,(anonymous_3)
DA:1,4
DA:3,4
DA:5,4
DA:7,4
DA:8,4
DA:11,2
DA:16,2
DA:20,2
DA:21,2
DA:22,1
DA:24,1
DA:25,1
DA:27,0
LF:13
LH:12
BRDA:16,0,0,1
BRDA:16,0,1,1
BRDA:24,1,0,1
BRF:3
BRH:3
end_of_record
TN:
SF:src/application/services/JwtService.ts
FN:6,(anonymous_1)
FN:9,(anonymous_2)
FNF:2
FNH:2
FNDA:4,(anonymous_1)
FNDA:2,(anonymous_2)
DA:1,5
DA:3,5
DA:5,5
DA:7,4
DA:10,2
LF:5
LH:5
BRF:0
BRH:0
end_of_record
TN:
SF:src/application/strategies/EmailAuthenticationStrategy.ts
FN:9,(anonymous_1)
FN:10,(anonymous_2)
FNF:2
FNH:2
FNDA:3,(anonymous_1)
FNDA:3,(anonymous_2)
DA:1,4
DA:5,4
DA:8,4
DA:9,3
DA:11,3
DA:12,3
DA:13,1
DA:16,2
DA:17,2
DA:18,1
DA:20,1
LF:11
LH:11
BRDA:12,0,0,1
BRDA:17,1,0,1
BRDA:17,1,1,1
BRF:3
BRH:3
end_of_record
TN:
SF:src/application/strategies/EmailRegistrationStrategy.ts
FN:9,(anonymous_1)
FN:11,(anonymous_2)
FNF:2
FNH:2
FNDA:3,(anonymous_1)
FNDA:1,(anonymous_2)
DA:1,4
DA:3,4
DA:5,4
DA:8,4
DA:9,3
DA:12,1
DA:13,1
DA:14,1
DA:16,1
DA:17,1
DA:18,1
LF:11
LH:11
BRF:0
BRH:0
end_of_record
TN:
SF:src/application/useCases/AuthenticateUser.ts
FN:8,(anonymous_0)
FN:10,(anonymous_1)
FNF:2
FNH:2
FNDA:2,(anonymous_0)
FNDA:2,(anonymous_1)
DA:7,5
DA:8,2
DA:11,2
DA:12,2
LF:4
LH:4
BRF:0
BRH:0
end_of_record
TN:
SF:src/application/useCases/CreateIngredient.ts
FN:8,(anonymous_0)
FN:10,(anonymous_1)
FNF:2
FNH:2
FNDA:2,(anonymous_0)
FNDA:2,(anonymous_1)
DA:7,5
DA:8,2
DA:11,2
DA:12,2
LF:4
LH:4
BRF:0
BRH:0
end_of_record
TN:
SF:src/application/useCases/CreateRecipe.ts
FN:9,(anonymous_1)
FN:11,(anonymous_2)
FNF:2
FNH:2
FNDA:2,(anonymous_1)
FNDA:2,(anonymous_2)
DA:3,5
DA:8,5
DA:9,2
DA:12,2
DA:13,2
DA:14,2
LF:6
LH:6
BRF:0
BRH:0
end_of_record
TN:
SF:src/application/useCases/DeleteIngredient.ts
FN:7,(anonymous_0)
FN:9,(anonymous_1)
FNF:2
FNH:2
FNDA:2,(anonymous_0)
FNDA:2,(anonymous_1)
DA:6,5
DA:7,2
DA:10,2
LF:3
LH:3
BRF:0
BRH:0
end_of_record
TN:
SF:src/application/useCases/DeleteRecipe.ts
FN:7,(anonymous_0)
FN:9,(anonymous_1)
FNF:2
FNH:2
FNDA:2,(anonymous_0)
FNDA:2,(anonymous_1)
DA:6,5
DA:7,2
DA:10,2
LF:3
LH:3
BRF:0
BRH:0
end_of_record
TN:
SF:src/application/useCases/GetAllRecipes.ts
FN:9,(anonymous_0)
FN:11,(anonymous_1)
FN:13,(anonymous_2)
FNF:3
FNH:3
FNDA:2,(anonymous_0)
FNDA:2,(anonymous_1)
FNDA:3,(anonymous_2)
DA:8,5
DA:9,2
DA:12,2
DA:13,3
LF:4
LH:4
BRF:0
BRH:0
end_of_record
TN:
SF:src/application/useCases/GetIngredients.ts
FN:6,(anonymous_0)
FN:8,(anonymous_1)
FN:10,(anonymous_2)
FNF:3
FNH:3
FNDA:3,(anonymous_0)
FNDA:3,(anonymous_1)
FNDA:5,(anonymous_2)
DA:5,6
DA:6,3
DA:9,3
DA:10,5
LF:4
LH:4
BRF:0
BRH:0
end_of_record
TN:
SF:src/application/useCases/GetPersonalRecipes.ts
FN:9,(anonymous_0)
FN:11,(anonymous_1)
FN:14,(anonymous_2)
FNF:3
FNH:3
FNDA:1,(anonymous_0)
FNDA:1,(anonymous_1)
FNDA:1,(anonymous_2)
DA:8,4
DA:9,1
DA:12,1
DA:13,1
DA:14,1
LF:5
LH:5
BRF:0
BRH:0
end_of_record
TN:
SF:src/application/useCases/RegisterUser.ts
FN:8,(anonymous_0)
FN:10,(anonymous_1)
FNF:2
FNH:2
FNDA:2,(anonymous_0)
FNDA:2,(anonymous_1)
DA:7,5
DA:8,2
DA:11,2
DA:12,2
LF:4
LH:4
BRF:0
BRH:0
end_of_record
TN:
SF:src/application/useCases/UpdateIngredient.ts
FN:8,(anonymous_0)
FN:10,(anonymous_1)
FNF:2
FNH:2
FNDA:3,(anonymous_0)
FNDA:3,(anonymous_1)
DA:7,6
DA:8,3
DA:11,3
DA:12,3
LF:4
LH:4
BRF:0
BRH:0
end_of_record
TN:
SF:src/application/useCases/UpdateRecipe.ts
FN:9,(anonymous_1)
FN:11,(anonymous_2)
FNF:2
FNH:2
FNDA:1,(anonymous_1)
FNDA:1,(anonymous_2)
DA:3,4
DA:8,4
DA:9,1
DA:12,1
DA:13,1
DA:14,1
LF:6
LH:6
BRF:0
BRH:0
end_of_record
TN:
SF:src/domain/models/Ingredient.ts
FN:18,isPrismaUser
FN:30,(anonymous_2)
FN:39,(anonymous_3)
FN:51,(anonymous_4)
FN:60,(anonymous_5)
FN:70,(anonymous_6)
FN:82,(anonymous_7)
FN:94,(anonymous_8)
FNF:8
FNH:7
FNDA:41,isPrismaUser
FNDA:41,(anonymous_2)
FNDA:22,(anonymous_3)
FNDA:5,(anonymous_4)
FNDA:33,(anonymous_5)
FNDA:3,(anonymous_6)
FNDA:2,(anonymous_7)
FNDA:0,(anonymous_8)
DA:4,19
DA:5,19
DA:6,19
DA:19,41
DA:22,19
DA:31,41
DA:32,41
DA:33,41
DA:34,41
DA:35,41
DA:36,41
DA:40,22
DA:52,5
DA:61,33
DA:71,3
DA:83,2
DA:95,0
LF:17
LH:16
BRDA:19,0,0,41
BRDA:19,0,1,0
BRDA:36,1,0,0
BRDA:36,1,1,41
BRDA:44,2,0,22
BRDA:44,2,1,0
BRDA:54,3,0,3
BRDA:54,3,1,2
BRDA:54,4,0,5
BRDA:54,4,1,3
BRF:10
BRH:7
end_of_record
TN:
SF:src/domain/models/Recipe.ts
FN:36,(anonymous_1)
FN:60,(anonymous_2)
FN:76,(anonymous_3)
FN:78,(anonymous_4)
FN:82,(anonymous_5)
FN:89,(anonymous_6)
FN:90,(anonymous_7)
FN:95,(anonymous_8)
FN:106,(anonymous_9)
FN:115,(anonymous_10)
FN:117,(anonymous_11)
FN:121,(anonymous_12)
FN:131,(anonymous_13)
FN:137,(anonymous_14)
FN:139,(anonymous_15)
FN:152,(anonymous_16)
FN:155,(anonymous_17)
FN:171,(anonymous_18)
FNF:18
FNH:17
FNDA:18,(anonymous_1)
FNDA:9,(anonymous_2)
FNDA:17,(anonymous_3)
FNDA:17,(anonymous_4)
FNDA:5,(anonymous_5)
FNDA:7,(anonymous_6)
FNDA:2,(anonymous_7)
FNDA:7,(anonymous_8)
FNDA:24,(anonymous_9)
FNDA:26,(anonymous_10)
FNDA:26,(anonymous_11)
FNDA:2,(anonymous_12)
FNDA:4,(anonymous_13)
FNDA:2,(anonymous_14)
FNDA:4,(anonymous_15)
FNDA:4,(anonymous_16)
FNDA:4,(anonymous_17)
FNDA:0,(anonymous_18)
DA:4,9
DA:5,9
DA:7,9
DA:8,9
DA:25,9
DA:48,18
DA:49,18
DA:50,18
DA:51,18
DA:52,18
DA:53,18
DA:54,18
DA:55,18
DA:56,18
DA:57,18
DA:68,9
DA:76,17
DA:78,17
DA:83,5
DA:89,7
DA:90,2
DA:96,7
DA:107,24
DA:115,26
DA:117,26
DA:122,2
DA:131,4
DA:138,2
DA:139,4
DA:140,2
DA:152,4
DA:156,4
DA:172,0
LF:33
LH:32
BRF:0
BRH:0
end_of_record
TN:
SF:src/domain/models/RecipeIngredient.ts
FN:18,(anonymous_1)
FN:26,(anonymous_2)
FN:40,(anonymous_3)
FN:50,(anonymous_4)
FN:56,(anonymous_5)
FN:61,(anonymous_6)
FNF:6
FNH:4
FNDA:31,(anonymous_1)
FNDA:18,(anonymous_2)
FNDA:26,(anonymous_3)
FNDA:8,(anonymous_4)
FNDA:0,(anonymous_5)
FNDA:0,(anonymous_6)
DA:2,10
DA:3,10
DA:12,10
DA:19,31
DA:20,31
DA:21,31
DA:22,31
DA:23,31
DA:31,18
DA:41,26
DA:51,8
DA:57,0
DA:62,0
LF:13
LH:11
BRF:0
BRH:0
end_of_record
TN:
SF:src/domain/models/User.ts
FN:25,(anonymous_1)
FN:34,(anonymous_2)
FN:45,(anonymous_3)
FN:52,(anonymous_4)
FN:59,(anonymous_5)
FN:66,(anonymous_6)
FNF:6
FNH:6
FNDA:27,(anonymous_1)
FNDA:12,(anonymous_2)
FNDA:14,(anonymous_3)
FNDA:3,(anonymous_4)
FNDA:1,(anonymous_5)
FNDA:1,(anonymous_6)
DA:3,26
DA:4,26
DA:18,26
DA:26,27
DA:27,27
DA:28,27
DA:29,27
DA:30,27
DA:31,27
DA:35,12
DA:46,14
DA:53,3
DA:60,1
DA:67,1
LF:14
LH:14
BRF:0
BRH:0
end_of_record
TN:
SF:src/domain/valueObjects/Email.ts
FN:6,(anonymous_0)
FN:12,(anonymous_1)
FNF:2
FNH:2
FNDA:27,(anonymous_0)
FNDA:27,(anonymous_1)
DA:1,26
DA:3,26
DA:4,27
DA:6,27
DA:7,27
DA:8,0
DA:13,27
DA:14,27
LF:8
LH:7
BRDA:7,0,0,0
BRF:1
BRH:0
end_of_record
TN:
SF:src/domain/valueObjects/Id.ts
FN:7,(anonymous_0)
FN:6,(anonymous_1)
FN:14,(anonymous_2)
FN:19,(anonymous_3)
FNF:4
FNH:4
FNDA:240,(anonymous_0)
FNDA:240,(anonymous_1)
FNDA:240,(anonymous_2)
FNDA:48,(anonymous_3)
DA:1,26
DA:2,26
DA:4,26
DA:6,240
DA:8,240
DA:9,0
DA:11,240
DA:15,240
DA:16,240
DA:20,48
LF:10
LH:9
BRDA:8,0,0,0
BRDA:20,1,0,32
BRDA:20,1,1,16
BRF:3
BRH:2
end_of_record
TN:
SF:src/domain/valueObjects/Uri.ts
FN:6,(anonymous_0)
FN:13,(anonymous_1)
FN:18,(anonymous_2)
FNF:3
FNH:3
FNDA:48,(anonymous_0)
FNDA:48,(anonymous_1)
FNDA:19,(anonymous_2)
DA:1,19
DA:3,19
DA:5,48
DA:7,48
DA:8,0
DA:10,48
DA:14,48
DA:15,48
DA:19,19
LF:9
LH:8
BRDA:6,0,0,0
BRDA:7,1,0,0
BRDA:19,2,0,12
BRDA:19,2,1,7
BRDA:19,3,0,19
BRDA:19,3,1,12
BRF:6
BRH:4
end_of_record
TN:
SF:src/infrastructure/awilixContainer.ts
FNF:0
FNH:0
DA:1,2
DA:2,2
DA:4,2
DA:17,2
LF:4
LH:4
BRF:0
BRH:0
end_of_record
TN:
SF:src/infrastructure/configuration.ts
FNF:0
FNH:0
DA:1,10
DA:2,10
DA:4,10
DA:5,10
LF:4
LH:4
BRDA:4,0,0,10
BRDA:4,0,1,3
BRDA:5,1,0,10
BRDA:5,1,1,3
BRF:4
BRH:4
end_of_record
TN:
SF:src/infrastructure/corsOrigin.ts
FN:3,(anonymous_0)
FNF:1
FNH:1
FNDA:13,(anonymous_0)
DA:3,2
DA:7,13
DA:8,12
DA:9,12
DA:10,11
DA:11,11
DA:14,2
LF:7
LH:7
BRDA:7,0,0,12
BRDA:9,1,0,11
BRDA:9,2,0,12
BRDA:9,2,1,12
BRF:4
BRH:4
end_of_record
TN:
SF:src/infrastructure/expressServer.ts
FN:24,(anonymous_7)
FN:41,(anonymous_8)
FN:51,(anonymous_9)
FN:61,(anonymous_10)
FN:72,(anonymous_11)
FN:82,(anonymous_12)
FN:91,(anonymous_13)
FN:103,(anonymous_14)
FN:113,(anonymous_15)
FN:123,(anonymous_16)
FN:133,(anonymous_17)
FN:145,(anonymous_18)
FN:146,(anonymous_19)
FNF:13
FNH:11
FNDA:10,(anonymous_7)
FNDA:1,(anonymous_8)
FNDA:1,(anonymous_9)
FNDA:1,(anonymous_10)
FNDA:1,(anonymous_11)
FNDA:1,(anonymous_12)
FNDA:1,(anonymous_13)
FNDA:1,(anonymous_14)
FNDA:1,(anonymous_15)
FNDA:1,(anonymous_16)
FNDA:1,(anonymous_17)
FNDA:0,(anonymous_18)
FNDA:0,(anonymous_19)
DA:1,1
DA:2,1
DA:3,1
DA:4,1
DA:10,1
DA:11,1
DA:12,1
DA:13,1
DA:14,1
DA:15,1
DA:19,1
DA:21,10
DA:25,10
DA:26,10
DA:29,10
DA:32,10
DA:33,10
DA:35,10
DA:37,10
DA:38,10
DA:39,10
DA:41,10
DA:42,1
DA:43,1
DA:44,1
DA:45,1
DA:47,0
DA:51,10
DA:52,1
DA:53,1
DA:54,1
DA:55,1
DA:57,0
DA:61,10
DA:62,1
DA:63,1
DA:64,1
DA:65,1
DA:66,1
DA:68,0
DA:72,10
DA:73,1
DA:74,1
DA:75,1
DA:76,1
DA:78,0
DA:82,10
DA:83,1
DA:84,1
DA:85,1
DA:87,0
DA:91,10
DA:92,1
DA:93,1
DA:96,1
DA:97,1
DA:99,0
DA:103,10
DA:104,1
DA:105,1
DA:106,1
DA:107,1
DA:109,0
DA:113,10
DA:114,1
DA:115,1
DA:116,1
DA:117,1
DA:119,0
DA:123,10
DA:124,1
DA:125,1
DA:126,1
DA:127,1
DA:129,0
DA:133,10
DA:134,1
DA:135,1
DA:136,1
DA:137,1
DA:139,0
DA:143,10
DA:146,0
DA:147,0
LF:84
LH:72
BRDA:146,0,0,0
BRDA:146,0,1,0
BRF:2
BRH:0
end_of_record
TN:
SF:src/infrastructure/start.ts
FNF:0
FNH:0
DA:1,0
DA:2,0
DA:3,0
LF:3
LH:0
BRF:0
BRH:0
end_of_record
TN:
SF:src/infrastructure/expressMiddlewares/apiKeyVerification.ts
FN:5,(anonymous_1)
FN:10,(anonymous_2)
FNF:2
FNH:2
FNDA:13,(anonymous_1)
FNDA:12,(anonymous_2)
DA:3,2
DA:5,2
DA:6,13
DA:7,13
DA:8,1
DA:10,12
DA:11,11
DA:13,1
LF:8
LH:8
BRDA:7,0,0,1
BRDA:10,1,0,11
BRF:2
BRH:2
end_of_record
TN:
SF:src/infrastructure/expressMiddlewares/errorHandler.ts
FN:3,(anonymous_0)
FNF:1
FNH:1
FNDA:2,(anonymous_0)
DA:3,2
DA:4,2
DA:5,2
DA:6,1
DA:8,1
DA:9,1
LF:6
LH:6
BRDA:5,0,0,1
BRDA:8,1,0,1
BRDA:8,1,1,1
BRF:3
BRH:3
end_of_record
TN:
SF:src/infrastructure/expressMiddlewares/jwtVerification.ts
FN:13,(anonymous_1)
FNF:1
FNH:1
FNDA:9,(anonymous_1)
DA:2,2
DA:3,2
DA:5,2
DA:7,2
DA:13,2
DA:14,9
DA:16,9
DA:17,1
DA:19,8
DA:20,8
DA:21,7
DA:22,7
DA:23,7
DA:25,1
LF:14
LH:14
BRDA:16,0,0,1
BRF:1
BRH:1
end_of_record
TN:
SF:src/infrastructure/expressMiddlewares/logRequest.ts
FN:3,(anonymous_0)
FNF:1
FNH:1
FNDA:11,(anonymous_0)
DA:3,2
DA:4,11
DA:5,11
DA:6,11
DA:7,11
DA:8,11
DA:9,11
DA:10,11
DA:11,11
LF:9
LH:9
BRF:0
BRH:0
end_of_record
TN:
SF:src/infrastructure/scripts/loadFixtures.ts
FN:3,sleep
FN:4,(anonymous_1)
FN:9,(anonymous_2)
FN:53,(anonymous_3)
FN:54,(anonymous_4)
FN:64,(anonymous_5)
FNF:6
FNH:0
FNDA:0,sleep
FNDA:0,(anonymous_1)
FNDA:0,(anonymous_2)
FNDA:0,(anonymous_3)
FNDA:0,(anonymous_4)
FNDA:0,(anonymous_5)
DA:1,0
DA:4,0
DA:5,0
DA:9,0
DA:10,0
DA:12,0
DA:13,0
DA:14,0
DA:25,0
DA:29,0
DA:30,0
DA:32,0
DA:33,0
DA:34,0
DA:35,0
DA:37,0
DA:39,0
DA:40,0
DA:41,0
DA:45,0
DA:46,0
DA:47,0
DA:53,0
DA:54,0
DA:64,0
DA:84,0
LF:26
LH:0
BRDA:32,0,0,0
BRDA:32,0,1,0
BRDA:34,1,0,0
BRDA:34,1,1,0
BRDA:34,2,0,0
BRDA:34,2,1,0
BRDA:53,3,0,0
BRDA:53,3,1,0
BRF:8
BRH:0
end_of_record
TN:
SF:src/infrastructure/security/apiKeys.ts
FNF:0
FNH:0
DA:1,3
LF:1
LH:1
BRF:0
BRH:0
end_of_record
